   1              		.syntax unified
   2              		.cpu cortex-m4
   3              		.fpu softvfp
   4              		.eabi_attribute 20, 1
   5              		.eabi_attribute 21, 1
   6              		.eabi_attribute 23, 3
   7              		.eabi_attribute 24, 1
   8              		.eabi_attribute 25, 1
   9              		.eabi_attribute 26, 1
  10              		.eabi_attribute 30, 6
  11              		.eabi_attribute 34, 1
  12              		.eabi_attribute 18, 4
  13              		.thumb
  14              		.file	"Steering.c"
  15              		.text
  16              	.Ltext0:
  17              		.cfi_sections	.debug_frame
  18              		.section	.text.SetServoPosition,"ax",%progbits
  19              		.align	2
  20              		.global	SetServoPosition
  21              		.thumb
  22              		.thumb_func
  24              	SetServoPosition:
  25              	.LFB0:
  26              		.file 1 "../Sources/Steering.c"
   1:../Sources/Steering.c **** /*
   2:../Sources/Steering.c ****  * Steering.c
   3:../Sources/Steering.c ****  *
   4:../Sources/Steering.c ****  *  Created on: Apr 11, 2013
   5:../Sources/Steering.c ****  *      Author: x
   6:../Sources/Steering.c ****  */
   7:../Sources/Steering.c **** 
   8:../Sources/Steering.c **** #include "Steering.h"
   9:../Sources/Steering.c **** #include "ServoTimer.h"
  10:../Sources/Steering.c **** 
  11:../Sources/Steering.c **** void SetServoPosition(int32_t aServoPosition)
  12:../Sources/Steering.c **** {
  27              		.loc 1 12 0
  28              		.cfi_startproc
  29              		@ args = 0, pretend = 0, frame = 8
  30              		@ frame_needed = 1, uses_anonymous_args = 0
  31 0000 80B5     		push	{r7, lr}
  32              	.LCFI0:
  33              		.cfi_def_cfa_offset 8
  34              		.cfi_offset 14, -4
  35              		.cfi_offset 7, -8
  36 0002 82B0     		sub	sp, sp, #8
  37              	.LCFI1:
  38              		.cfi_def_cfa_offset 16
  39 0004 00AF     		add	r7, sp, #0
  40              	.LCFI2:
  41              		.cfi_def_cfa_register 7
  42 0006 7860     		str	r0, [r7, #4]
  13:../Sources/Steering.c ****   if( (aServoPosition >= SERVO_MIN) && (aServoPosition <= SERVO_MAX) )
  43              		.loc 1 13 0
  44 0008 7A68     		ldr	r2, [r7, #4]
  45 000a 40F6AB53 		movw	r3, #3499
  46 000e 9A42     		cmp	r2, r3
  47 0010 10DD     		ble	.L1
  48              		.loc 1 13 0 is_stmt 0 discriminator 1
  49 0012 7A68     		ldr	r2, [r7, #4]
  50 0014 41F27C53 		movw	r3, #5500
  51 0018 9A42     		cmp	r2, r3
  52 001a 0BDC     		bgt	.L1
  14:../Sources/Steering.c ****   {
  15:../Sources/Steering.c ****     ServoTimer_SetOffsetTicks(ServoTimer_DeviceData, 0, aServoPosition);
  53              		.loc 1 15 0 is_stmt 1
  54 001c 40F20003 		movw	r3, #:lower16:PE_LDD_DeviceDataList
  55 0020 C0F20003 		movt	r3, #:upper16:PE_LDD_DeviceDataList
  56 0024 9A6B     		ldr	r2, [r3, #56]
  57 0026 7B68     		ldr	r3, [r7, #4]
  58 0028 1046     		mov	r0, r2
  59 002a 4FF00001 		mov	r1, #0
  60 002e 1A46     		mov	r2, r3
  61 0030 FFF7FEFF 		bl	ServoTimer_SetOffsetTicks
  62              	.L1:
  16:../Sources/Steering.c ****   }
  17:../Sources/Steering.c **** }
  63              		.loc 1 17 0
  64 0034 07F10807 		add	r7, r7, #8
  65 0038 BD46     		mov	sp, r7
  66 003a 80BD     		pop	{r7, pc}
  67              		.cfi_endproc
  68              	.LFE0:
  70              		.text
  71              	.Letext0:
  72              		.file 2 "C:/workspaceBakalarkaa/Pex/Generated_Code/PE_LDD.h"
  73              		.file 3 "C:/Freescale/CW MCU v10.3_NOBETA/MCU/ARM_GCC_Support/ewl/EWL_C/include/cstdint"
DEFINED SYMBOLS
                            *ABS*:00000000 Steering.c
C:\Users\x\AppData\Local\Temp\ccU7hpC8.s:19     .text.SetServoPosition:00000000 $t
C:\Users\x\AppData\Local\Temp\ccU7hpC8.s:24     .text.SetServoPosition:00000000 SetServoPosition
                     .debug_frame:00000010 $d

UNDEFINED SYMBOLS
PE_LDD_DeviceDataList
ServoTimer_SetOffsetTicks
