   1              		.syntax unified
   2              		.cpu cortex-m4
   3              		.fpu softvfp
   4              		.eabi_attribute 20, 1
   5              		.eabi_attribute 21, 1
   6              		.eabi_attribute 23, 3
   7              		.eabi_attribute 24, 1
   8              		.eabi_attribute 25, 1
   9              		.eabi_attribute 26, 1
  10              		.eabi_attribute 30, 6
  11              		.eabi_attribute 34, 1
  12              		.eabi_attribute 18, 4
  13              		.thumb
  14              		.file	"GPIO3.c"
  15              		.text
  16              	.Ltext0:
  17              		.cfi_sections	.debug_frame
  18              		.section	.bss.DeviceDataPrv__DEFAULT_RTOS_ALLOC,"aw",%nobits
  19              		.align	2
  22              	DeviceDataPrv__DEFAULT_RTOS_ALLOC:
  23 0000 00000000 		.space	8
  23      00000000 
  24              		.section	.bss.INT_PORTA__DEFAULT_RTOS_ISRPARAM,"aw",%nobits
  25              		.align	2
  28              	INT_PORTA__DEFAULT_RTOS_ISRPARAM:
  29 0000 00000000 		.space	4
  30              		.section	.text.GPIO3_Init,"ax",%progbits
  31              		.align	2
  32              		.global	GPIO3_Init
  33              		.thumb
  34              		.thumb_func
  36              	GPIO3_Init:
  37              	.LFB0:
  38              		.file 1 "../Generated_Code/GPIO3.c"
   1:../Generated_Code/GPIO3.c **** /** ###################################################################
   2:../Generated_Code/GPIO3.c **** **     THIS COMPONENT MODULE IS GENERATED BY THE TOOL. DO NOT MODIFY IT.
   3:../Generated_Code/GPIO3.c **** **     Filename    : GPIO3.c
   4:../Generated_Code/GPIO3.c **** **     Project     : ProcessorExpert
   5:../Generated_Code/GPIO3.c **** **     Processor   : MK40DX256ZVLQ10
   6:../Generated_Code/GPIO3.c **** **     Component   : GPIO_LDD
   7:../Generated_Code/GPIO3.c **** **     Version     : Component 01.126, Driver 01.06, CPU db: 3.00.001
   8:../Generated_Code/GPIO3.c **** **     Compiler    : GNU C Compiler
   9:../Generated_Code/GPIO3.c **** **     Date/Time   : 2013-04-11, 15:40, # CodeGen: 91
  10:../Generated_Code/GPIO3.c **** **     Abstract    :
  11:../Generated_Code/GPIO3.c **** **         The HAL GPIO component will provide a low level API for unified
  12:../Generated_Code/GPIO3.c **** **         access to general purpose digital input/output pins across
  13:../Generated_Code/GPIO3.c **** **         various device designs.
  14:../Generated_Code/GPIO3.c **** **
  15:../Generated_Code/GPIO3.c **** **         RTOS drivers using HAL GPIO API will be simpler and more
  16:../Generated_Code/GPIO3.c **** **         portable to various microprocessors.
  17:../Generated_Code/GPIO3.c **** **     Settings    :
  18:../Generated_Code/GPIO3.c **** **          Component name                                 : GPIO3
  19:../Generated_Code/GPIO3.c **** **          Port                                           : PTA
  20:../Generated_Code/GPIO3.c **** **          Port width                                     : 32 bits
  21:../Generated_Code/GPIO3.c **** **          Mask of allocated pins                         : 400
  22:../Generated_Code/GPIO3.c **** **          Interrupt service/event                        : Enabled
  23:../Generated_Code/GPIO3.c **** **            Interrupt                                    : INT_PORTA
  24:../Generated_Code/GPIO3.c **** **            Interrupt priority                           : medium priority
  25:../Generated_Code/GPIO3.c **** **          Bit fields                                     : 1
  26:../Generated_Code/GPIO3.c **** **            Bit field                                    : 
  27:../Generated_Code/GPIO3.c **** **              Field name                                 : INT1
  28:../Generated_Code/GPIO3.c **** **              Pins                                       : 1
  29:../Generated_Code/GPIO3.c **** **                Pin                                      : 
  30:../Generated_Code/GPIO3.c **** **                  Pin                                    : PTA10/FTM2_CH0/FB_AD15/FTM2_QD_PHA/TRA
  31:../Generated_Code/GPIO3.c **** **                  Pin signal                             : 
  32:../Generated_Code/GPIO3.c **** **                  Initial pin direction                  : Input
  33:../Generated_Code/GPIO3.c **** **                  Initial pin event                      : Falling edge
  34:../Generated_Code/GPIO3.c **** **                  Lock initialization function           : no
  35:../Generated_Code/GPIO3.c **** **          Initialization                                 : 
  36:../Generated_Code/GPIO3.c **** **            Auto initialization                          : yes
  37:../Generated_Code/GPIO3.c **** **            Event mask                                   : 
  38:../Generated_Code/GPIO3.c **** **              OnPortEvent                                : Enabled
  39:../Generated_Code/GPIO3.c **** **     Contents    :
  40:../Generated_Code/GPIO3.c **** **         Init                    - LDD_TDeviceData* GPIO3_Init(LDD_TUserData *UserDataPtr);
  41:../Generated_Code/GPIO3.c **** **         Deinit                  - void GPIO3_Deinit(LDD_TDeviceData *DeviceDataPtr);
  42:../Generated_Code/GPIO3.c **** **         SetFieldValue           - void GPIO3_SetFieldValue(LDD_TDeviceData *DeviceDataPtr, LDD_G
  43:../Generated_Code/GPIO3.c **** **         GetFieldValue           - GPIO3_TFieldValue GPIO3_GetFieldValue(LDD_TDeviceData *DeviceD
  44:../Generated_Code/GPIO3.c **** **         ClearFieldBits          - void GPIO3_ClearFieldBits(LDD_TDeviceData *DeviceDataPtr, LDD_
  45:../Generated_Code/GPIO3.c **** **         SetFieldBits            - void GPIO3_SetFieldBits(LDD_TDeviceData *DeviceDataPtr, LDD_GP
  46:../Generated_Code/GPIO3.c **** **         ToggleFieldBits         - void GPIO3_ToggleFieldBits(LDD_TDeviceData *DeviceDataPtr, LDD
  47:../Generated_Code/GPIO3.c **** **         SetFieldInputDirection  - void GPIO3_SetFieldInputDirection(LDD_TDeviceData *DeviceDataP
  48:../Generated_Code/GPIO3.c **** **         SetFieldOutputDirection - void GPIO3_SetFieldOutputDirection(LDD_TDeviceData *DeviceData
  49:../Generated_Code/GPIO3.c **** **         ConnectPin              - LDD_TError GPIO3_ConnectPin(LDD_TDeviceData *DeviceDataPtr, LD
  50:../Generated_Code/GPIO3.c **** **
  51:../Generated_Code/GPIO3.c **** **     Copyright : 1997 - 2012 Freescale, Inc. All Rights Reserved.
  52:../Generated_Code/GPIO3.c **** **     
  53:../Generated_Code/GPIO3.c **** **     http      : www.freescale.com
  54:../Generated_Code/GPIO3.c **** **     mail      : support@freescale.com
  55:../Generated_Code/GPIO3.c **** ** ###################################################################*/
  56:../Generated_Code/GPIO3.c **** 
  57:../Generated_Code/GPIO3.c **** /* MODULE GPIO3. */
  58:../Generated_Code/GPIO3.c **** 
  59:../Generated_Code/GPIO3.c **** #include "Events.h"
  60:../Generated_Code/GPIO3.c **** #include "GPIO3.h"
  61:../Generated_Code/GPIO3.c **** /* {Default RTOS Adapter} No RTOS includes */
  62:../Generated_Code/GPIO3.c **** #include "IO_Map.h"
  63:../Generated_Code/GPIO3.c **** 
  64:../Generated_Code/GPIO3.c **** typedef struct {
  65:../Generated_Code/GPIO3.c ****   GPIO3_TPortValue EventFlags;         /* Holds event flags */
  66:../Generated_Code/GPIO3.c ****   LDD_TUserData *UserData;             /* RTOS device data structure */
  67:../Generated_Code/GPIO3.c **** } GPIO3_TDeviceData, *GPIO3_TDeviceDataPtr; /* Device data structure type */
  68:../Generated_Code/GPIO3.c **** /* {Default RTOS Adapter} Static object used for simulation of dynamic driver memory allocation */
  69:../Generated_Code/GPIO3.c **** static GPIO3_TDeviceData DeviceDataPrv__DEFAULT_RTOS_ALLOC;
  70:../Generated_Code/GPIO3.c **** /* {Default RTOS Adapter} Global variable used for passing a parameter into ISR */
  71:../Generated_Code/GPIO3.c **** static GPIO3_TDeviceData * INT_PORTA__DEFAULT_RTOS_ISRPARAM;
  72:../Generated_Code/GPIO3.c **** /*
  73:../Generated_Code/GPIO3.c **** ** ===================================================================
  74:../Generated_Code/GPIO3.c **** **     Method      :  GPIO3_Init (component GPIO_LDD)
  75:../Generated_Code/GPIO3.c **** **
  76:../Generated_Code/GPIO3.c **** **     Description :
  77:../Generated_Code/GPIO3.c **** **         This method initializes the associated peripheral(s) and the
  78:../Generated_Code/GPIO3.c **** **         component internal variables. The method is called
  79:../Generated_Code/GPIO3.c **** **         automatically as a part of the application initialization
  80:../Generated_Code/GPIO3.c **** **         code.
  81:../Generated_Code/GPIO3.c **** **     Parameters  :
  82:../Generated_Code/GPIO3.c **** **         NAME            - DESCRIPTION
  83:../Generated_Code/GPIO3.c **** **       * UserDataPtr     - Pointer to the RTOS device
  84:../Generated_Code/GPIO3.c **** **                           structure. This pointer will be passed to
  85:../Generated_Code/GPIO3.c **** **                           all events as parameter.
  86:../Generated_Code/GPIO3.c **** **     Returns     :
  87:../Generated_Code/GPIO3.c **** **         ---             - Pointer to the dynamically allocated
  88:../Generated_Code/GPIO3.c **** **                           private structure or NULL if there was an
  89:../Generated_Code/GPIO3.c **** **                           error.
  90:../Generated_Code/GPIO3.c **** ** ===================================================================
  91:../Generated_Code/GPIO3.c **** */
  92:../Generated_Code/GPIO3.c **** LDD_TDeviceData* GPIO3_Init(LDD_TUserData *UserDataPtr)
  93:../Generated_Code/GPIO3.c **** {
  39              		.loc 1 93 0
  40              		.cfi_startproc
  41              		@ args = 0, pretend = 0, frame = 16
  42              		@ frame_needed = 1, uses_anonymous_args = 0
  43              		@ link register save eliminated.
  44 0000 80B4     		push	{r7}
  45              	.LCFI0:
  46              		.cfi_def_cfa_offset 4
  47              		.cfi_offset 7, -4
  48 0002 85B0     		sub	sp, sp, #20
  49              	.LCFI1:
  50              		.cfi_def_cfa_offset 24
  51 0004 00AF     		add	r7, sp, #0
  52              	.LCFI2:
  53              		.cfi_def_cfa_register 7
  54 0006 7860     		str	r0, [r7, #4]
  94:../Generated_Code/GPIO3.c ****   /* Allocate LDD device structure */
  95:../Generated_Code/GPIO3.c ****   GPIO3_TDeviceData *DeviceDataPrv;
  96:../Generated_Code/GPIO3.c **** 
  97:../Generated_Code/GPIO3.c ****   /* {Default RTOS Adapter} Driver memory allocation: Dynamic allocation is simulated by a pointer 
  98:../Generated_Code/GPIO3.c ****   DeviceDataPrv = &DeviceDataPrv__DEFAULT_RTOS_ALLOC;
  55              		.loc 1 98 0
  56 0008 40F20003 		movw	r3, #:lower16:DeviceDataPrv__DEFAULT_RTOS_ALLOC
  57 000c C0F20003 		movt	r3, #:upper16:DeviceDataPrv__DEFAULT_RTOS_ALLOC
  58 0010 FB60     		str	r3, [r7, #12]
  99:../Generated_Code/GPIO3.c ****   /* Save RTOS Device structure */
 100:../Generated_Code/GPIO3.c ****   DeviceDataPrv->EventFlags = 0x00U;   /* Clears stored events */
  59              		.loc 1 100 0
  60 0012 FB68     		ldr	r3, [r7, #12]
  61 0014 4FF00002 		mov	r2, #0
  62 0018 1A60     		str	r2, [r3, #0]
 101:../Generated_Code/GPIO3.c ****   DeviceDataPrv->UserData = UserDataPtr; /* Store the RTOS device structure */
  63              		.loc 1 101 0
  64 001a FB68     		ldr	r3, [r7, #12]
  65 001c 7A68     		ldr	r2, [r7, #4]
  66 001e 5A60     		str	r2, [r3, #4]
 102:../Generated_Code/GPIO3.c ****   /* Interrupt vector(s) allocation */
 103:../Generated_Code/GPIO3.c ****   /* {Default RTOS Adapter} Set interrupt vector: IVT is static, ISR parameter is passed by the glo
 104:../Generated_Code/GPIO3.c ****   INT_PORTA__DEFAULT_RTOS_ISRPARAM = DeviceDataPrv;
  67              		.loc 1 104 0
  68 0020 40F20003 		movw	r3, #:lower16:INT_PORTA__DEFAULT_RTOS_ISRPARAM
  69 0024 C0F20003 		movt	r3, #:upper16:INT_PORTA__DEFAULT_RTOS_ISRPARAM
  70 0028 FA68     		ldr	r2, [r7, #12]
  71 002a 1A60     		str	r2, [r3, #0]
 105:../Generated_Code/GPIO3.c ****   /* GPIOA_PDDR: PDD&=~0x0400 */
 106:../Generated_Code/GPIO3.c ****   GPIOA_PDDR &= (uint32_t)~(uint32_t)(GPIO_PDDR_PDD(0x0400));                                      
  72              		.loc 1 106 0
  73 002c 4FF47043 		mov	r3, #61440
  74 0030 C4F20F03 		movt	r3, 16399
  75 0034 4FF47042 		mov	r2, #61440
  76 0038 C4F20F02 		movt	r2, 16399
  77 003c 5269     		ldr	r2, [r2, #20]
  78 003e 22F48062 		bic	r2, r2, #1024
  79 0042 5A61     		str	r2, [r3, #20]
 107:../Generated_Code/GPIO3.c ****   /* Initialization of Port Control registers */
 108:../Generated_Code/GPIO3.c ****   /* PORTA_PCR10: ISF=0,LK=0,MUX=1 */
 109:../Generated_Code/GPIO3.c ****   PORTA_PCR10 = (uint32_t)((PORTA_PCR10 & (uint32_t)~(uint32_t)(
  80              		.loc 1 109 0
  81 0044 4FF41042 		mov	r2, #36864
  82 0048 C4F20402 		movt	r2, 16388
  83 004c 4FF41043 		mov	r3, #36864
  84 0050 C4F20403 		movt	r3, 16388
  85 0054 9B6A     		ldr	r3, [r3, #40]
  86 0056 1946     		mov	r1, r3
  87 0058 47F6FF03 		movw	r3, #30975
  88 005c CFF6FF63 		movt	r3, 65279
  89 0060 0B40     		ands	r3, r3, r1
  90 0062 43F48073 		orr	r3, r3, #256
  91 0066 9362     		str	r3, [r2, #40]
 110:../Generated_Code/GPIO3.c ****                  PORT_PCR_ISF_MASK |
 111:../Generated_Code/GPIO3.c ****                  PORT_PCR_LK_MASK |
 112:../Generated_Code/GPIO3.c ****                  PORT_PCR_MUX(0x06)
 113:../Generated_Code/GPIO3.c ****                 )) | (uint32_t)(
 114:../Generated_Code/GPIO3.c ****                  PORT_PCR_MUX(0x01)
 115:../Generated_Code/GPIO3.c ****                 ));                                                  
 116:../Generated_Code/GPIO3.c ****   /* PORTA_PCR10: ISF=1,IRQC=0x0A */
 117:../Generated_Code/GPIO3.c ****   PORTA_PCR10 = (uint32_t)((PORTA_PCR10 & (uint32_t)~(uint32_t)(
  92              		.loc 1 117 0
  93 0068 4FF41043 		mov	r3, #36864
  94 006c C4F20403 		movt	r3, 16388
  95 0070 4FF41042 		mov	r2, #36864
  96 0074 C4F20402 		movt	r2, 16388
  97 0078 926A     		ldr	r2, [r2, #40]
  98 007a 22F08672 		bic	r2, r2, #17563648
  99 007e 22F44032 		bic	r2, r2, #196608
 100 0082 42F08572 		orr	r2, r2, #17432576
 101 0086 9A62     		str	r2, [r3, #40]
 118:../Generated_Code/GPIO3.c ****                  PORT_PCR_IRQC(0x05)
 119:../Generated_Code/GPIO3.c ****                 )) | (uint32_t)(
 120:../Generated_Code/GPIO3.c ****                  PORT_PCR_ISF_MASK |
 121:../Generated_Code/GPIO3.c ****                  PORT_PCR_IRQC(0x0A)
 122:../Generated_Code/GPIO3.c ****                 ));                                                  
 123:../Generated_Code/GPIO3.c ****   /* NVICIP87: PRI87=0x80 */
 124:../Generated_Code/GPIO3.c ****   NVICIP87 = NVIC_IP_PRI87(0x80);                                                   
 102              		.loc 1 124 0
 103 0088 4FF46143 		mov	r3, #57600
 104 008c CEF20003 		movt	r3, 57344
 105 0090 4FF08002 		mov	r2, #128
 106 0094 83F85723 		strb	r2, [r3, #855]
 125:../Generated_Code/GPIO3.c ****   /* NVICISER2: SETENA|=0x00800000 */
 126:../Generated_Code/GPIO3.c ****   NVICISER2 |= NVIC_ISER_SETENA(0x00800000);                                                   
 107              		.loc 1 126 0
 108 0098 4FF46143 		mov	r3, #57600
 109 009c CEF20003 		movt	r3, 57344
 110 00a0 4FF46142 		mov	r2, #57600
 111 00a4 CEF20002 		movt	r2, 57344
 112 00a8 9268     		ldr	r2, [r2, #8]
 113 00aa 42F40002 		orr	r2, r2, #8388608
 114 00ae 9A60     		str	r2, [r3, #8]
 127:../Generated_Code/GPIO3.c ****   /* Registration of the device structure */
 128:../Generated_Code/GPIO3.c ****   PE_LDD_RegisterDeviceStructure(PE_LDD_COMPONENT_GPIO3_ID,DeviceDataPrv);
 115              		.loc 1 128 0
 116 00b0 40F20003 		movw	r3, #:lower16:PE_LDD_DeviceDataList
 117 00b4 C0F20003 		movt	r3, #:upper16:PE_LDD_DeviceDataList
 118 00b8 FA68     		ldr	r2, [r7, #12]
 119 00ba 1A63     		str	r2, [r3, #48]
 129:../Generated_Code/GPIO3.c ****   return ((LDD_TDeviceData *)DeviceDataPrv);
 120              		.loc 1 129 0
 121 00bc FB68     		ldr	r3, [r7, #12]
 130:../Generated_Code/GPIO3.c **** }
 122              		.loc 1 130 0
 123 00be 1846     		mov	r0, r3
 124 00c0 07F11407 		add	r7, r7, #20
 125 00c4 BD46     		mov	sp, r7
 126 00c6 80BC     		pop	{r7}
 127 00c8 7047     		bx	lr
 128              		.cfi_endproc
 129              	.LFE0:
 131 00ca 00BF     		.section	.text.GPIO3_Deinit,"ax",%progbits
 132              		.align	2
 133              		.global	GPIO3_Deinit
 134              		.thumb
 135              		.thumb_func
 137              	GPIO3_Deinit:
 138              	.LFB1:
 131:../Generated_Code/GPIO3.c **** 
 132:../Generated_Code/GPIO3.c **** /*
 133:../Generated_Code/GPIO3.c **** ** ===================================================================
 134:../Generated_Code/GPIO3.c **** **     Method      :  GPIO3_Deinit (component GPIO_LDD)
 135:../Generated_Code/GPIO3.c **** **
 136:../Generated_Code/GPIO3.c **** **     Description :
 137:../Generated_Code/GPIO3.c **** **         This method disables the device and frees the device data
 138:../Generated_Code/GPIO3.c **** **         structure memory.
 139:../Generated_Code/GPIO3.c **** **     Parameters  :
 140:../Generated_Code/GPIO3.c **** **         NAME            - DESCRIPTION
 141:../Generated_Code/GPIO3.c **** **       * DeviceDataPtr   - Pointer to device data
 142:../Generated_Code/GPIO3.c **** **                           structure pointer.
 143:../Generated_Code/GPIO3.c **** **     Returns     : Nothing
 144:../Generated_Code/GPIO3.c **** ** ===================================================================
 145:../Generated_Code/GPIO3.c **** */
 146:../Generated_Code/GPIO3.c **** void GPIO3_Deinit(LDD_TDeviceData *DeviceDataPtr)
 147:../Generated_Code/GPIO3.c **** {
 139              		.loc 1 147 0
 140              		.cfi_startproc
 141              		@ args = 0, pretend = 0, frame = 8
 142              		@ frame_needed = 1, uses_anonymous_args = 0
 143              		@ link register save eliminated.
 144 0000 80B4     		push	{r7}
 145              	.LCFI3:
 146              		.cfi_def_cfa_offset 4
 147              		.cfi_offset 7, -4
 148 0002 83B0     		sub	sp, sp, #12
 149              	.LCFI4:
 150              		.cfi_def_cfa_offset 16
 151 0004 00AF     		add	r7, sp, #0
 152              	.LCFI5:
 153              		.cfi_def_cfa_register 7
 154 0006 7860     		str	r0, [r7, #4]
 148:../Generated_Code/GPIO3.c ****   (void)DeviceDataPtr;                 /* Parameter is not used, suppress unused argument warning *
 149:../Generated_Code/GPIO3.c ****   /* PORTA_PCR10: IRQC=0 */
 150:../Generated_Code/GPIO3.c ****   PORTA_PCR10 &= (uint32_t)~(uint32_t)(PORT_PCR_IRQC(0x0F));                                       
 155              		.loc 1 150 0
 156 0008 4FF41043 		mov	r3, #36864
 157 000c C4F20403 		movt	r3, 16388
 158 0010 4FF41042 		mov	r2, #36864
 159 0014 C4F20402 		movt	r2, 16388
 160 0018 926A     		ldr	r2, [r2, #40]
 161 001a 22F47022 		bic	r2, r2, #983040
 162 001e 9A62     		str	r2, [r3, #40]
 151:../Generated_Code/GPIO3.c ****   /* GPIOA_PDDR: PDD&=~0x0400 */
 152:../Generated_Code/GPIO3.c ****   GPIOA_PDDR &= (uint32_t)~(uint32_t)(GPIO_PDDR_PDD(0x0400));                                      
 163              		.loc 1 152 0
 164 0020 4FF47043 		mov	r3, #61440
 165 0024 C4F20F03 		movt	r3, 16399
 166 0028 4FF47042 		mov	r2, #61440
 167 002c C4F20F02 		movt	r2, 16399
 168 0030 5269     		ldr	r2, [r2, #20]
 169 0032 22F48062 		bic	r2, r2, #1024
 170 0036 5A61     		str	r2, [r3, #20]
 153:../Generated_Code/GPIO3.c ****   /* Interrupt vector(s) deallocation */
 154:../Generated_Code/GPIO3.c ****   /* {Default RTOS Adapter} Restore interrupt vector: IVT is static, no code is generated */
 155:../Generated_Code/GPIO3.c ****   /* Unregistration of the device structure */
 156:../Generated_Code/GPIO3.c ****   PE_LDD_UnregisterDeviceStructure(PE_LDD_COMPONENT_GPIO3_ID);
 171              		.loc 1 156 0
 172 0038 40F20003 		movw	r3, #:lower16:PE_LDD_DeviceDataList
 173 003c C0F20003 		movt	r3, #:upper16:PE_LDD_DeviceDataList
 174 0040 4FF00002 		mov	r2, #0
 175 0044 1A63     		str	r2, [r3, #48]
 157:../Generated_Code/GPIO3.c ****   /* Deallocation of the device structure */
 158:../Generated_Code/GPIO3.c ****   /* {Default RTOS Adapter} Driver memory deallocation: Dynamic allocation is simulated, no dealloc
 159:../Generated_Code/GPIO3.c **** }
 176              		.loc 1 159 0
 177 0046 07F10C07 		add	r7, r7, #12
 178 004a BD46     		mov	sp, r7
 179 004c 80BC     		pop	{r7}
 180 004e 7047     		bx	lr
 181              		.cfi_endproc
 182              	.LFE1:
 184              		.section	.text.GPIO3_SetFieldValue,"ax",%progbits
 185              		.align	2
 186              		.global	GPIO3_SetFieldValue
 187              		.thumb
 188              		.thumb_func
 190              	GPIO3_SetFieldValue:
 191              	.LFB2:
 160:../Generated_Code/GPIO3.c **** 
 161:../Generated_Code/GPIO3.c **** /*
 162:../Generated_Code/GPIO3.c **** ** ===================================================================
 163:../Generated_Code/GPIO3.c **** **     Method      :  GPIO3_SetFieldValue (component GPIO_LDD)
 164:../Generated_Code/GPIO3.c **** **
 165:../Generated_Code/GPIO3.c **** **     Description :
 166:../Generated_Code/GPIO3.c **** **         This method sets the output data value of the specified bit
 167:../Generated_Code/GPIO3.c **** **         field.
 168:../Generated_Code/GPIO3.c **** **     Parameters  :
 169:../Generated_Code/GPIO3.c **** **         NAME            - DESCRIPTION
 170:../Generated_Code/GPIO3.c **** **       * DeviceDataPtr   - Device data structure
 171:../Generated_Code/GPIO3.c **** **                           pointer returned by <Init> method.
 172:../Generated_Code/GPIO3.c **** **         Field           - Bit field to write. Bit fields are
 173:../Generated_Code/GPIO3.c **** **                           defined during design time and for each bit
 174:../Generated_Code/GPIO3.c **** **                           field there is a generated constant.
 175:../Generated_Code/GPIO3.c **** **         Value           - Aligned data value to writting to the
 176:../Generated_Code/GPIO3.c **** **                           specified bit field. The bit 0 corresponds
 177:../Generated_Code/GPIO3.c **** **                           with the pin which has index 0 within the
 178:../Generated_Code/GPIO3.c **** **                           given bit field, the bit 1 corresponds with
 179:../Generated_Code/GPIO3.c **** **                           the pin which has index 1 within the given
 180:../Generated_Code/GPIO3.c **** **                           bit field, etc.
 181:../Generated_Code/GPIO3.c **** **     Returns     : Nothing
 182:../Generated_Code/GPIO3.c **** ** ===================================================================
 183:../Generated_Code/GPIO3.c **** */
 184:../Generated_Code/GPIO3.c **** void GPIO3_SetFieldValue(LDD_TDeviceData *DeviceDataPtr, LDD_GPIO_TBitField Field, GPIO3_TFieldValu
 185:../Generated_Code/GPIO3.c **** {
 192              		.loc 1 185 0
 193              		.cfi_startproc
 194              		@ args = 0, pretend = 0, frame = 16
 195              		@ frame_needed = 1, uses_anonymous_args = 0
 196              		@ link register save eliminated.
 197 0000 80B4     		push	{r7}
 198              	.LCFI6:
 199              		.cfi_def_cfa_offset 4
 200              		.cfi_offset 7, -4
 201 0002 85B0     		sub	sp, sp, #20
 202              	.LCFI7:
 203              		.cfi_def_cfa_offset 24
 204 0004 00AF     		add	r7, sp, #0
 205              	.LCFI8:
 206              		.cfi_def_cfa_register 7
 207 0006 F860     		str	r0, [r7, #12]
 208 0008 B960     		str	r1, [r7, #8]
 209 000a 7A60     		str	r2, [r7, #4]
 186:../Generated_Code/GPIO3.c ****   (void)DeviceDataPtr;                 /* Parameter is not used, suppress unused argument warning *
 187:../Generated_Code/GPIO3.c ****   switch (Field) {                     /* no break */
 210              		.loc 1 187 0
 211 000c BB68     		ldr	r3, [r7, #8]
 212 000e 002B     		cmp	r3, #0
 213 0010 12D1     		bne	.L7
 214              	.L5:
 188:../Generated_Code/GPIO3.c ****     case INT1: {                       /* bit field #0 */
 189:../Generated_Code/GPIO3.c ****       GPIO_PDD_SetPortDataOutput(GPIO3_MODULE_BASE_ADDRESS,
 215              		.loc 1 189 0
 216 0012 4FF47043 		mov	r3, #61440
 217 0016 C4F20F03 		movt	r3, 16399
 218 001a 4FF47042 		mov	r2, #61440
 219 001e C4F20F02 		movt	r2, 16399
 220 0022 1268     		ldr	r2, [r2, #0]
 221 0024 22F48061 		bic	r1, r2, #1024
 222 0028 7A68     		ldr	r2, [r7, #4]
 223 002a 4FEA8222 		lsl	r2, r2, #10
 224 002e 02F48062 		and	r2, r2, #1024
 225 0032 0A43     		orrs	r2, r2, r1
 226 0034 1A60     		str	r2, [r3, #0]
 190:../Generated_Code/GPIO3.c ****         (
 191:../Generated_Code/GPIO3.c ****           GPIO_PDD_GetPortDataOutput(GPIO3_MODULE_BASE_ADDRESS)
 192:../Generated_Code/GPIO3.c ****           & ((GPIO3_TPortValue)(~((GPIO3_TPortValue)GPIO3_INT1_MASK)))
 193:../Generated_Code/GPIO3.c ****         )
 194:../Generated_Code/GPIO3.c ****         | (
 195:../Generated_Code/GPIO3.c ****           ((GPIO3_TPortValue)(Value << GPIO3_INT1_START_BIT))
 196:../Generated_Code/GPIO3.c ****           & ((GPIO3_TPortValue)GPIO3_INT1_MASK)
 197:../Generated_Code/GPIO3.c ****         )
 198:../Generated_Code/GPIO3.c ****       );
 199:../Generated_Code/GPIO3.c ****       break;
 227              		.loc 1 199 0
 228 0036 00E0     		b	.L3
 229              	.L7:
 200:../Generated_Code/GPIO3.c ****     }
 201:../Generated_Code/GPIO3.c ****     default:
 202:../Generated_Code/GPIO3.c ****       break;                           /* Invalid Field is not treated, result is undefined */
 230              		.loc 1 202 0
 231 0038 00BF     		nop
 232              	.L3:
 203:../Generated_Code/GPIO3.c ****   } /* switch (Field) */
 204:../Generated_Code/GPIO3.c **** }
 233              		.loc 1 204 0
 234 003a 07F11407 		add	r7, r7, #20
 235 003e BD46     		mov	sp, r7
 236 0040 80BC     		pop	{r7}
 237 0042 7047     		bx	lr
 238              		.cfi_endproc
 239              	.LFE2:
 241              		.section	.text.GPIO3_GetFieldValue,"ax",%progbits
 242              		.align	2
 243              		.global	GPIO3_GetFieldValue
 244              		.thumb
 245              		.thumb_func
 247              	GPIO3_GetFieldValue:
 248              	.LFB3:
 205:../Generated_Code/GPIO3.c **** 
 206:../Generated_Code/GPIO3.c **** /*
 207:../Generated_Code/GPIO3.c **** ** ===================================================================
 208:../Generated_Code/GPIO3.c **** **     Method      :  GPIO3_GetFieldValue (component GPIO_LDD)
 209:../Generated_Code/GPIO3.c **** **
 210:../Generated_Code/GPIO3.c **** **     Description :
 211:../Generated_Code/GPIO3.c **** **         This method returns the current input data of the specified
 212:../Generated_Code/GPIO3.c **** **         field.
 213:../Generated_Code/GPIO3.c **** **     Parameters  :
 214:../Generated_Code/GPIO3.c **** **         NAME            - DESCRIPTION
 215:../Generated_Code/GPIO3.c **** **       * DeviceDataPtr   - Device data structure
 216:../Generated_Code/GPIO3.c **** **                           pointer returned by <Init> method.
 217:../Generated_Code/GPIO3.c **** **         Field           - Bit field to reading. Bit fields are
 218:../Generated_Code/GPIO3.c **** **                           defined during design time and for each bit
 219:../Generated_Code/GPIO3.c **** **                           field there is a generated constant.
 220:../Generated_Code/GPIO3.c **** **     Returns     :
 221:../Generated_Code/GPIO3.c **** **         ---             - Aligned current port input value masked
 222:../Generated_Code/GPIO3.c **** **                           for allocated pins of the field. The bit 0
 223:../Generated_Code/GPIO3.c **** **                           corresponds with the pin which has index 0
 224:../Generated_Code/GPIO3.c **** **                           within the given bit field, the bit 1
 225:../Generated_Code/GPIO3.c **** **                           corresponds with the pin which has index 1
 226:../Generated_Code/GPIO3.c **** **                           within the given bit field, etc.
 227:../Generated_Code/GPIO3.c **** ** ===================================================================
 228:../Generated_Code/GPIO3.c **** */
 229:../Generated_Code/GPIO3.c **** GPIO3_TFieldValue GPIO3_GetFieldValue(LDD_TDeviceData *DeviceDataPtr, LDD_GPIO_TBitField Field)
 230:../Generated_Code/GPIO3.c **** {
 249              		.loc 1 230 0
 250              		.cfi_startproc
 251              		@ args = 0, pretend = 0, frame = 8
 252              		@ frame_needed = 1, uses_anonymous_args = 0
 253              		@ link register save eliminated.
 254 0000 80B4     		push	{r7}
 255              	.LCFI9:
 256              		.cfi_def_cfa_offset 4
 257              		.cfi_offset 7, -4
 258 0002 83B0     		sub	sp, sp, #12
 259              	.LCFI10:
 260              		.cfi_def_cfa_offset 16
 261 0004 00AF     		add	r7, sp, #0
 262              	.LCFI11:
 263              		.cfi_def_cfa_register 7
 264 0006 7860     		str	r0, [r7, #4]
 265 0008 3960     		str	r1, [r7, #0]
 231:../Generated_Code/GPIO3.c ****   (void)DeviceDataPtr;                 /* Parameter is not used, suppress unused argument warning *
 232:../Generated_Code/GPIO3.c ****   switch (Field) {                     /* no break */
 266              		.loc 1 232 0
 267 000a 3B68     		ldr	r3, [r7, #0]
 268 000c 002B     		cmp	r3, #0
 269 000e 09D1     		bne	.L12
 270              	.L10:
 233:../Generated_Code/GPIO3.c ****     case INT1: {                       /* bit field #0 */
 234:../Generated_Code/GPIO3.c ****       return
 235:../Generated_Code/GPIO3.c ****         (GPIO3_TFieldValue)(
 236:../Generated_Code/GPIO3.c ****           (
 237:../Generated_Code/GPIO3.c ****             GPIO_PDD_GetPortDataInput(GPIO3_MODULE_BASE_ADDRESS)
 271              		.loc 1 237 0
 272 0010 4FF47043 		mov	r3, #61440
 273 0014 C4F20F03 		movt	r3, 16399
 274 0018 1B69     		ldr	r3, [r3, #16]
 238:../Generated_Code/GPIO3.c ****             & (GPIO3_TPortValue)GPIO3_INT1_MASK
 275              		.loc 1 238 0
 276 001a 03F48063 		and	r3, r3, #1024
 234:../Generated_Code/GPIO3.c ****       return
 277              		.loc 1 234 0
 278 001e 4FEA9323 		lsr	r3, r3, #10
 279 0022 02E0     		b	.L11
 280              	.L12:
 239:../Generated_Code/GPIO3.c ****           )
 240:../Generated_Code/GPIO3.c ****           >> GPIO3_INT1_START_BIT
 241:../Generated_Code/GPIO3.c ****         );
 242:../Generated_Code/GPIO3.c ****     }
 243:../Generated_Code/GPIO3.c ****     default:
 244:../Generated_Code/GPIO3.c ****       break;                           /* Invalid BitField is not treated, result is undefined */
 281              		.loc 1 244 0
 282 0024 00BF     		nop
 245:../Generated_Code/GPIO3.c ****   } /* switch (Field) */
 246:../Generated_Code/GPIO3.c ****   return (GPIO3_TFieldValue)0U;
 283              		.loc 1 246 0
 284 0026 4FF00003 		mov	r3, #0
 285              	.L11:
 247:../Generated_Code/GPIO3.c **** }
 286              		.loc 1 247 0
 287 002a 1846     		mov	r0, r3
 288 002c 07F10C07 		add	r7, r7, #12
 289 0030 BD46     		mov	sp, r7
 290 0032 80BC     		pop	{r7}
 291 0034 7047     		bx	lr
 292              		.cfi_endproc
 293              	.LFE3:
 295 0036 00BF     		.section	.text.GPIO3_ClearFieldBits,"ax",%progbits
 296              		.align	2
 297              		.global	GPIO3_ClearFieldBits
 298              		.thumb
 299              		.thumb_func
 301              	GPIO3_ClearFieldBits:
 302              	.LFB4:
 248:../Generated_Code/GPIO3.c **** 
 249:../Generated_Code/GPIO3.c **** /*
 250:../Generated_Code/GPIO3.c **** ** ===================================================================
 251:../Generated_Code/GPIO3.c **** **     Method      :  GPIO3_ClearFieldBits (component GPIO_LDD)
 252:../Generated_Code/GPIO3.c **** **
 253:../Generated_Code/GPIO3.c **** **     Description :
 254:../Generated_Code/GPIO3.c **** **         This method drives the specified bits of the specified bit
 255:../Generated_Code/GPIO3.c **** **         field to the inactive level.
 256:../Generated_Code/GPIO3.c **** **     Parameters  :
 257:../Generated_Code/GPIO3.c **** **         NAME            - DESCRIPTION
 258:../Generated_Code/GPIO3.c **** **       * DeviceDataPtr   - Device data structure
 259:../Generated_Code/GPIO3.c **** **                           pointer returned by <Init> method.
 260:../Generated_Code/GPIO3.c **** **         Field           - Bit field to write. Bit fields are
 261:../Generated_Code/GPIO3.c **** **                           defined during design time and for each bit
 262:../Generated_Code/GPIO3.c **** **                           field there is a generated constant.
 263:../Generated_Code/GPIO3.c **** **         Mask            - Aligned mask of bits to setting the
 264:../Generated_Code/GPIO3.c **** **                           inactive level. Each field pin has
 265:../Generated_Code/GPIO3.c **** **                           corresponding bit in the mask. Bit value 0
 266:../Generated_Code/GPIO3.c **** **                           means not selected bit, bit value 1 means
 267:../Generated_Code/GPIO3.c **** **                           selected bit. The bit 0 corresponds with
 268:../Generated_Code/GPIO3.c **** **                           the pin which has index 0 within the given
 269:../Generated_Code/GPIO3.c **** **                           bit field, the bit 1 corresponds with the
 270:../Generated_Code/GPIO3.c **** **                           pin which has index 1 within the given bit
 271:../Generated_Code/GPIO3.c **** **                           field, etc.
 272:../Generated_Code/GPIO3.c **** **     Returns     : Nothing
 273:../Generated_Code/GPIO3.c **** ** ===================================================================
 274:../Generated_Code/GPIO3.c **** */
 275:../Generated_Code/GPIO3.c **** void GPIO3_ClearFieldBits(LDD_TDeviceData *DeviceDataPtr, LDD_GPIO_TBitField Field, GPIO3_TFieldVal
 276:../Generated_Code/GPIO3.c **** {
 303              		.loc 1 276 0
 304              		.cfi_startproc
 305              		@ args = 0, pretend = 0, frame = 16
 306              		@ frame_needed = 1, uses_anonymous_args = 0
 307              		@ link register save eliminated.
 308 0000 80B4     		push	{r7}
 309              	.LCFI12:
 310              		.cfi_def_cfa_offset 4
 311              		.cfi_offset 7, -4
 312 0002 85B0     		sub	sp, sp, #20
 313              	.LCFI13:
 314              		.cfi_def_cfa_offset 24
 315 0004 00AF     		add	r7, sp, #0
 316              	.LCFI14:
 317              		.cfi_def_cfa_register 7
 318 0006 F860     		str	r0, [r7, #12]
 319 0008 B960     		str	r1, [r7, #8]
 320 000a 7A60     		str	r2, [r7, #4]
 277:../Generated_Code/GPIO3.c ****   (void)DeviceDataPtr;                 /* Parameter is not used, suppress unused argument warning *
 278:../Generated_Code/GPIO3.c ****   switch (Field) {                     /* no break */
 321              		.loc 1 278 0
 322 000c BB68     		ldr	r3, [r7, #8]
 323 000e 002B     		cmp	r3, #0
 324 0010 0AD1     		bne	.L17
 325              	.L15:
 279:../Generated_Code/GPIO3.c ****     case INT1: {                       /* bit field #0 */
 280:../Generated_Code/GPIO3.c ****       GPIO_PDD_ClearPortDataOutputMask(GPIO3_MODULE_BASE_ADDRESS,
 326              		.loc 1 280 0
 327 0012 4FF47043 		mov	r3, #61440
 328 0016 C4F20F03 		movt	r3, 16399
 329 001a 7A68     		ldr	r2, [r7, #4]
 330 001c 4FEA8222 		lsl	r2, r2, #10
 331 0020 02F48062 		and	r2, r2, #1024
 332 0024 9A60     		str	r2, [r3, #8]
 281:../Generated_Code/GPIO3.c ****         ((GPIO3_TPortValue)GPIO3_INT1_MASK)
 282:../Generated_Code/GPIO3.c ****         & ((GPIO3_TPortValue)(Mask << GPIO3_INT1_START_BIT))
 283:../Generated_Code/GPIO3.c ****       );
 284:../Generated_Code/GPIO3.c ****       break;
 333              		.loc 1 284 0
 334 0026 00E0     		b	.L13
 335              	.L17:
 285:../Generated_Code/GPIO3.c ****     }
 286:../Generated_Code/GPIO3.c ****     default:
 287:../Generated_Code/GPIO3.c ****       break;                           /* Invalid Field is not treated, result is undefined */
 336              		.loc 1 287 0
 337 0028 00BF     		nop
 338              	.L13:
 288:../Generated_Code/GPIO3.c ****   } /* switch (Field) */
 289:../Generated_Code/GPIO3.c **** }
 339              		.loc 1 289 0
 340 002a 07F11407 		add	r7, r7, #20
 341 002e BD46     		mov	sp, r7
 342 0030 80BC     		pop	{r7}
 343 0032 7047     		bx	lr
 344              		.cfi_endproc
 345              	.LFE4:
 347              		.section	.text.GPIO3_SetFieldBits,"ax",%progbits
 348              		.align	2
 349              		.global	GPIO3_SetFieldBits
 350              		.thumb
 351              		.thumb_func
 353              	GPIO3_SetFieldBits:
 354              	.LFB5:
 290:../Generated_Code/GPIO3.c **** 
 291:../Generated_Code/GPIO3.c **** /*
 292:../Generated_Code/GPIO3.c **** ** ===================================================================
 293:../Generated_Code/GPIO3.c **** **     Method      :  GPIO3_SetFieldBits (component GPIO_LDD)
 294:../Generated_Code/GPIO3.c **** **
 295:../Generated_Code/GPIO3.c **** **     Description :
 296:../Generated_Code/GPIO3.c **** **         This method drives the specified bits of the specified bit
 297:../Generated_Code/GPIO3.c **** **         field to the active level.
 298:../Generated_Code/GPIO3.c **** **     Parameters  :
 299:../Generated_Code/GPIO3.c **** **         NAME            - DESCRIPTION
 300:../Generated_Code/GPIO3.c **** **       * DeviceDataPtr   - Device data structure
 301:../Generated_Code/GPIO3.c **** **                           pointer returned by <Init> method.
 302:../Generated_Code/GPIO3.c **** **         Field           - Bit field to write. Bit fields are
 303:../Generated_Code/GPIO3.c **** **                           defined during design time and for each bit
 304:../Generated_Code/GPIO3.c **** **                           field there is a generated constant.
 305:../Generated_Code/GPIO3.c **** **         Mask            - Aligned mask of bits to setting the
 306:../Generated_Code/GPIO3.c **** **                           active level. Each field pin has
 307:../Generated_Code/GPIO3.c **** **                           corresponding bit in the mask. Bit value 0
 308:../Generated_Code/GPIO3.c **** **                           means not selected bit, bit value 1 means
 309:../Generated_Code/GPIO3.c **** **                           selected bit. The bit 0 corresponds with
 310:../Generated_Code/GPIO3.c **** **                           the pin which has index 0 within the given
 311:../Generated_Code/GPIO3.c **** **                           bit field, the bit 1 corresponds with the
 312:../Generated_Code/GPIO3.c **** **                           pin which has index 1 within the given bit
 313:../Generated_Code/GPIO3.c **** **                           field, etc.
 314:../Generated_Code/GPIO3.c **** **     Returns     : Nothing
 315:../Generated_Code/GPIO3.c **** ** ===================================================================
 316:../Generated_Code/GPIO3.c **** */
 317:../Generated_Code/GPIO3.c **** void GPIO3_SetFieldBits(LDD_TDeviceData *DeviceDataPtr, LDD_GPIO_TBitField Field, GPIO3_TFieldValue
 318:../Generated_Code/GPIO3.c **** {
 355              		.loc 1 318 0
 356              		.cfi_startproc
 357              		@ args = 0, pretend = 0, frame = 16
 358              		@ frame_needed = 1, uses_anonymous_args = 0
 359              		@ link register save eliminated.
 360 0000 80B4     		push	{r7}
 361              	.LCFI15:
 362              		.cfi_def_cfa_offset 4
 363              		.cfi_offset 7, -4
 364 0002 85B0     		sub	sp, sp, #20
 365              	.LCFI16:
 366              		.cfi_def_cfa_offset 24
 367 0004 00AF     		add	r7, sp, #0
 368              	.LCFI17:
 369              		.cfi_def_cfa_register 7
 370 0006 F860     		str	r0, [r7, #12]
 371 0008 B960     		str	r1, [r7, #8]
 372 000a 7A60     		str	r2, [r7, #4]
 319:../Generated_Code/GPIO3.c ****   (void)DeviceDataPtr;                 /* Parameter is not used, suppress unused argument warning *
 320:../Generated_Code/GPIO3.c ****   switch (Field) {                     /* no break */
 373              		.loc 1 320 0
 374 000c BB68     		ldr	r3, [r7, #8]
 375 000e 002B     		cmp	r3, #0
 376 0010 0AD1     		bne	.L22
 377              	.L20:
 321:../Generated_Code/GPIO3.c ****     case INT1: {                       /* bit field #0 */
 322:../Generated_Code/GPIO3.c ****       GPIO_PDD_SetPortDataOutputMask(GPIO3_MODULE_BASE_ADDRESS,
 378              		.loc 1 322 0
 379 0012 4FF47043 		mov	r3, #61440
 380 0016 C4F20F03 		movt	r3, 16399
 381 001a 7A68     		ldr	r2, [r7, #4]
 382 001c 4FEA8222 		lsl	r2, r2, #10
 383 0020 02F48062 		and	r2, r2, #1024
 384 0024 5A60     		str	r2, [r3, #4]
 323:../Generated_Code/GPIO3.c ****         ((GPIO3_TPortValue)GPIO3_INT1_MASK)
 324:../Generated_Code/GPIO3.c ****         & ((GPIO3_TPortValue)(Mask << GPIO3_INT1_START_BIT))
 325:../Generated_Code/GPIO3.c ****       );
 326:../Generated_Code/GPIO3.c ****       break;
 385              		.loc 1 326 0
 386 0026 00E0     		b	.L18
 387              	.L22:
 327:../Generated_Code/GPIO3.c ****     }
 328:../Generated_Code/GPIO3.c ****     default:
 329:../Generated_Code/GPIO3.c ****       break;                           /* Invalid Field is not treated, result is undefined */
 388              		.loc 1 329 0
 389 0028 00BF     		nop
 390              	.L18:
 330:../Generated_Code/GPIO3.c ****   } /* switch (Field) */
 331:../Generated_Code/GPIO3.c **** }
 391              		.loc 1 331 0
 392 002a 07F11407 		add	r7, r7, #20
 393 002e BD46     		mov	sp, r7
 394 0030 80BC     		pop	{r7}
 395 0032 7047     		bx	lr
 396              		.cfi_endproc
 397              	.LFE5:
 399              		.section	.text.GPIO3_ToggleFieldBits,"ax",%progbits
 400              		.align	2
 401              		.global	GPIO3_ToggleFieldBits
 402              		.thumb
 403              		.thumb_func
 405              	GPIO3_ToggleFieldBits:
 406              	.LFB6:
 332:../Generated_Code/GPIO3.c **** 
 333:../Generated_Code/GPIO3.c **** /*
 334:../Generated_Code/GPIO3.c **** ** ===================================================================
 335:../Generated_Code/GPIO3.c **** **     Method      :  GPIO3_ToggleFieldBits (component GPIO_LDD)
 336:../Generated_Code/GPIO3.c **** **
 337:../Generated_Code/GPIO3.c **** **     Description :
 338:../Generated_Code/GPIO3.c **** **         This method inverts the specified bits of the specified bit
 339:../Generated_Code/GPIO3.c **** **         field to other level.
 340:../Generated_Code/GPIO3.c **** **     Parameters  :
 341:../Generated_Code/GPIO3.c **** **         NAME            - DESCRIPTION
 342:../Generated_Code/GPIO3.c **** **       * DeviceDataPtr   - Device data structure
 343:../Generated_Code/GPIO3.c **** **                           pointer returned by <Init> method.
 344:../Generated_Code/GPIO3.c **** **         Field           - Bit field to write. Bit fields are
 345:../Generated_Code/GPIO3.c **** **                           defined during design time and for each bit
 346:../Generated_Code/GPIO3.c **** **                           field there is a generated constant.
 347:../Generated_Code/GPIO3.c **** **         Mask            - Aligned mask of bits to inverting the
 348:../Generated_Code/GPIO3.c **** **                           current level. Each field pin has
 349:../Generated_Code/GPIO3.c **** **                           corresponding bit in the mask. Bit value 0
 350:../Generated_Code/GPIO3.c **** **                           means not selected bit, bit value 1 means
 351:../Generated_Code/GPIO3.c **** **                           selected bit. The bit 0 corresponds with
 352:../Generated_Code/GPIO3.c **** **                           the pin which has index 0 within the given
 353:../Generated_Code/GPIO3.c **** **                           bit field, the bit 1 corresponds with the
 354:../Generated_Code/GPIO3.c **** **                           pin which has index 1 within the given bit
 355:../Generated_Code/GPIO3.c **** **                           field, etc.
 356:../Generated_Code/GPIO3.c **** **     Returns     : Nothing
 357:../Generated_Code/GPIO3.c **** ** ===================================================================
 358:../Generated_Code/GPIO3.c **** */
 359:../Generated_Code/GPIO3.c **** void GPIO3_ToggleFieldBits(LDD_TDeviceData *DeviceDataPtr, LDD_GPIO_TBitField Field, GPIO3_TFieldVa
 360:../Generated_Code/GPIO3.c **** {
 407              		.loc 1 360 0
 408              		.cfi_startproc
 409              		@ args = 0, pretend = 0, frame = 16
 410              		@ frame_needed = 1, uses_anonymous_args = 0
 411              		@ link register save eliminated.
 412 0000 80B4     		push	{r7}
 413              	.LCFI18:
 414              		.cfi_def_cfa_offset 4
 415              		.cfi_offset 7, -4
 416 0002 85B0     		sub	sp, sp, #20
 417              	.LCFI19:
 418              		.cfi_def_cfa_offset 24
 419 0004 00AF     		add	r7, sp, #0
 420              	.LCFI20:
 421              		.cfi_def_cfa_register 7
 422 0006 F860     		str	r0, [r7, #12]
 423 0008 B960     		str	r1, [r7, #8]
 424 000a 7A60     		str	r2, [r7, #4]
 361:../Generated_Code/GPIO3.c ****   (void)DeviceDataPtr;                 /* Parameter is not used, suppress unused argument warning *
 362:../Generated_Code/GPIO3.c ****   switch (Field) {                     /* no break */
 425              		.loc 1 362 0
 426 000c BB68     		ldr	r3, [r7, #8]
 427 000e 002B     		cmp	r3, #0
 428 0010 0AD1     		bne	.L27
 429              	.L25:
 363:../Generated_Code/GPIO3.c ****     case INT1: {                       /* bit field #0 */
 364:../Generated_Code/GPIO3.c ****       GPIO_PDD_TogglePortDataOutputMask(GPIO3_MODULE_BASE_ADDRESS,
 430              		.loc 1 364 0
 431 0012 4FF47043 		mov	r3, #61440
 432 0016 C4F20F03 		movt	r3, 16399
 433 001a 7A68     		ldr	r2, [r7, #4]
 434 001c 4FEA8222 		lsl	r2, r2, #10
 435 0020 02F48062 		and	r2, r2, #1024
 436 0024 DA60     		str	r2, [r3, #12]
 365:../Generated_Code/GPIO3.c ****         ((GPIO3_TPortValue)GPIO3_INT1_MASK)
 366:../Generated_Code/GPIO3.c ****         & ((GPIO3_TPortValue)(Mask << GPIO3_INT1_START_BIT))
 367:../Generated_Code/GPIO3.c ****       );
 368:../Generated_Code/GPIO3.c ****       break;
 437              		.loc 1 368 0
 438 0026 00E0     		b	.L23
 439              	.L27:
 369:../Generated_Code/GPIO3.c ****     }
 370:../Generated_Code/GPIO3.c ****     default:
 371:../Generated_Code/GPIO3.c ****       break;                           /* Invalid Field is not treated, result is undefined */
 440              		.loc 1 371 0
 441 0028 00BF     		nop
 442              	.L23:
 372:../Generated_Code/GPIO3.c ****   } /* switch (Field) */
 373:../Generated_Code/GPIO3.c **** }
 443              		.loc 1 373 0
 444 002a 07F11407 		add	r7, r7, #20
 445 002e BD46     		mov	sp, r7
 446 0030 80BC     		pop	{r7}
 447 0032 7047     		bx	lr
 448              		.cfi_endproc
 449              	.LFE6:
 451              		.section	.text.GPIO3_SetFieldInputDirection,"ax",%progbits
 452              		.align	2
 453              		.global	GPIO3_SetFieldInputDirection
 454              		.thumb
 455              		.thumb_func
 457              	GPIO3_SetFieldInputDirection:
 458              	.LFB7:
 374:../Generated_Code/GPIO3.c **** 
 375:../Generated_Code/GPIO3.c **** /*
 376:../Generated_Code/GPIO3.c **** ** ===================================================================
 377:../Generated_Code/GPIO3.c **** **     Method      :  GPIO3_SetFieldInputDirection (component GPIO_LDD)
 378:../Generated_Code/GPIO3.c **** **
 379:../Generated_Code/GPIO3.c **** **     Description :
 380:../Generated_Code/GPIO3.c **** **         This method sets all pins of the field to the input
 381:../Generated_Code/GPIO3.c **** **         direction.
 382:../Generated_Code/GPIO3.c **** **     Parameters  :
 383:../Generated_Code/GPIO3.c **** **         NAME            - DESCRIPTION
 384:../Generated_Code/GPIO3.c **** **       * DeviceDataPtr   - Device data structure
 385:../Generated_Code/GPIO3.c **** **                           pointer returned by <Init> method.
 386:../Generated_Code/GPIO3.c **** **         Field           - Bit field to write. Bit fields are
 387:../Generated_Code/GPIO3.c **** **                           defined during design time and for each bit
 388:../Generated_Code/GPIO3.c **** **                           field there is a generated constant.
 389:../Generated_Code/GPIO3.c **** **     Returns     : Nothing
 390:../Generated_Code/GPIO3.c **** ** ===================================================================
 391:../Generated_Code/GPIO3.c **** */
 392:../Generated_Code/GPIO3.c **** void GPIO3_SetFieldInputDirection(LDD_TDeviceData *DeviceDataPtr, LDD_GPIO_TBitField Field)
 393:../Generated_Code/GPIO3.c **** {
 459              		.loc 1 393 0
 460              		.cfi_startproc
 461              		@ args = 0, pretend = 0, frame = 8
 462              		@ frame_needed = 1, uses_anonymous_args = 0
 463              		@ link register save eliminated.
 464 0000 80B4     		push	{r7}
 465              	.LCFI21:
 466              		.cfi_def_cfa_offset 4
 467              		.cfi_offset 7, -4
 468 0002 83B0     		sub	sp, sp, #12
 469              	.LCFI22:
 470              		.cfi_def_cfa_offset 16
 471 0004 00AF     		add	r7, sp, #0
 472              	.LCFI23:
 473              		.cfi_def_cfa_register 7
 474 0006 7860     		str	r0, [r7, #4]
 475 0008 3960     		str	r1, [r7, #0]
 394:../Generated_Code/GPIO3.c ****   (void)DeviceDataPtr;                 /* Parameter is not used, suppress unused argument warning *
 395:../Generated_Code/GPIO3.c ****   switch (Field) {                     /* no break */
 476              		.loc 1 395 0
 477 000a 3B68     		ldr	r3, [r7, #0]
 478 000c 002B     		cmp	r3, #0
 479 000e 0CD1     		bne	.L32
 480              	.L30:
 396:../Generated_Code/GPIO3.c ****     case INT1: {                       /* bit field #0 */
 397:../Generated_Code/GPIO3.c ****       GPIO_PDD_SetPortInputDirectionMask(GPIO3_MODULE_BASE_ADDRESS,
 481              		.loc 1 397 0
 482 0010 4FF47043 		mov	r3, #61440
 483 0014 C4F20F03 		movt	r3, 16399
 484 0018 4FF47042 		mov	r2, #61440
 485 001c C4F20F02 		movt	r2, 16399
 486 0020 5269     		ldr	r2, [r2, #20]
 487 0022 22F48062 		bic	r2, r2, #1024
 488 0026 5A61     		str	r2, [r3, #20]
 398:../Generated_Code/GPIO3.c ****         GPIO3_INT1_MASK
 399:../Generated_Code/GPIO3.c ****       );
 400:../Generated_Code/GPIO3.c ****       break;
 489              		.loc 1 400 0
 490 0028 00E0     		b	.L28
 491              	.L32:
 401:../Generated_Code/GPIO3.c ****     }
 402:../Generated_Code/GPIO3.c ****     default:
 403:../Generated_Code/GPIO3.c ****       break;                           /* Invalid Field is not treated, result is undefined */
 492              		.loc 1 403 0
 493 002a 00BF     		nop
 494              	.L28:
 404:../Generated_Code/GPIO3.c ****   } /* switch (Field) */
 405:../Generated_Code/GPIO3.c **** }
 495              		.loc 1 405 0
 496 002c 07F10C07 		add	r7, r7, #12
 497 0030 BD46     		mov	sp, r7
 498 0032 80BC     		pop	{r7}
 499 0034 7047     		bx	lr
 500              		.cfi_endproc
 501              	.LFE7:
 503 0036 00BF     		.section	.text.GPIO3_SetFieldOutputDirection,"ax",%progbits
 504              		.align	2
 505              		.global	GPIO3_SetFieldOutputDirection
 506              		.thumb
 507              		.thumb_func
 509              	GPIO3_SetFieldOutputDirection:
 510              	.LFB8:
 406:../Generated_Code/GPIO3.c **** 
 407:../Generated_Code/GPIO3.c **** /*
 408:../Generated_Code/GPIO3.c **** ** ===================================================================
 409:../Generated_Code/GPIO3.c **** **     Method      :  GPIO3_SetFieldOutputDirection (component GPIO_LDD)
 410:../Generated_Code/GPIO3.c **** **
 411:../Generated_Code/GPIO3.c **** **     Description :
 412:../Generated_Code/GPIO3.c **** **         This method sets all pins of the field to the output
 413:../Generated_Code/GPIO3.c **** **         direction.
 414:../Generated_Code/GPIO3.c **** **     Parameters  :
 415:../Generated_Code/GPIO3.c **** **         NAME            - DESCRIPTION
 416:../Generated_Code/GPIO3.c **** **       * DeviceDataPtr   - Device data structure
 417:../Generated_Code/GPIO3.c **** **                           pointer returned by <Init> method.
 418:../Generated_Code/GPIO3.c **** **         Field           - Bit field to set to the output
 419:../Generated_Code/GPIO3.c **** **                           direction. Bit fields are defined during
 420:../Generated_Code/GPIO3.c **** **                           design time and for each bit field there is
 421:../Generated_Code/GPIO3.c **** **                           a generated constant.
 422:../Generated_Code/GPIO3.c **** **         Value           - Aligned data value to appear on the
 423:../Generated_Code/GPIO3.c **** **                           bit field pins after they have been
 424:../Generated_Code/GPIO3.c **** **                           switched to the output direction.
 425:../Generated_Code/GPIO3.c **** **     Returns     : Nothing
 426:../Generated_Code/GPIO3.c **** ** ===================================================================
 427:../Generated_Code/GPIO3.c **** */
 428:../Generated_Code/GPIO3.c **** void GPIO3_SetFieldOutputDirection(LDD_TDeviceData *DeviceDataPtr, LDD_GPIO_TBitField Field, GPIO3_
 429:../Generated_Code/GPIO3.c **** {
 511              		.loc 1 429 0
 512              		.cfi_startproc
 513              		@ args = 0, pretend = 0, frame = 16
 514              		@ frame_needed = 1, uses_anonymous_args = 0
 515              		@ link register save eliminated.
 516 0000 80B4     		push	{r7}
 517              	.LCFI24:
 518              		.cfi_def_cfa_offset 4
 519              		.cfi_offset 7, -4
 520 0002 85B0     		sub	sp, sp, #20
 521              	.LCFI25:
 522              		.cfi_def_cfa_offset 24
 523 0004 00AF     		add	r7, sp, #0
 524              	.LCFI26:
 525              		.cfi_def_cfa_register 7
 526 0006 F860     		str	r0, [r7, #12]
 527 0008 B960     		str	r1, [r7, #8]
 528 000a 7A60     		str	r2, [r7, #4]
 430:../Generated_Code/GPIO3.c ****   (void)DeviceDataPtr;                 /* Parameter is not used, suppress unused argument warning *
 431:../Generated_Code/GPIO3.c ****   switch (Field) {                     /* no break */
 529              		.loc 1 431 0
 530 000c BB68     		ldr	r3, [r7, #8]
 531 000e 002B     		cmp	r3, #0
 532 0010 1ED1     		bne	.L37
 533              	.L35:
 432:../Generated_Code/GPIO3.c ****     case INT1: {                       /* bit field #0 */
 433:../Generated_Code/GPIO3.c ****       GPIO_PDD_SetPortDataOutput(GPIO3_MODULE_BASE_ADDRESS,
 534              		.loc 1 433 0
 535 0012 4FF47043 		mov	r3, #61440
 536 0016 C4F20F03 		movt	r3, 16399
 537 001a 4FF47042 		mov	r2, #61440
 538 001e C4F20F02 		movt	r2, 16399
 539 0022 1268     		ldr	r2, [r2, #0]
 540 0024 22F48061 		bic	r1, r2, #1024
 541 0028 7A68     		ldr	r2, [r7, #4]
 542 002a 4FEA8222 		lsl	r2, r2, #10
 543 002e 02F48062 		and	r2, r2, #1024
 544 0032 0A43     		orrs	r2, r2, r1
 545 0034 1A60     		str	r2, [r3, #0]
 434:../Generated_Code/GPIO3.c ****         ((GPIO3_TPortValue)(
 435:../Generated_Code/GPIO3.c ****           GPIO_PDD_GetPortDataOutput(GPIO3_MODULE_BASE_ADDRESS)
 436:../Generated_Code/GPIO3.c ****           & ((GPIO3_TPortValue)(
 437:../Generated_Code/GPIO3.c ****             ~((GPIO3_TPortValue)GPIO3_INT1_MASK)
 438:../Generated_Code/GPIO3.c ****           ))
 439:../Generated_Code/GPIO3.c ****         ))
 440:../Generated_Code/GPIO3.c ****         | (
 441:../Generated_Code/GPIO3.c ****           ((GPIO3_TPortValue)(Value << GPIO3_INT1_START_BIT))
 442:../Generated_Code/GPIO3.c ****           & ((GPIO3_TPortValue)GPIO3_INT1_MASK)
 443:../Generated_Code/GPIO3.c ****         )
 444:../Generated_Code/GPIO3.c ****       );
 445:../Generated_Code/GPIO3.c ****       GPIO_PDD_SetPortOutputDirectionMask(GPIO3_MODULE_BASE_ADDRESS,
 546              		.loc 1 445 0
 547 0036 4FF47043 		mov	r3, #61440
 548 003a C4F20F03 		movt	r3, 16399
 549 003e 4FF47042 		mov	r2, #61440
 550 0042 C4F20F02 		movt	r2, 16399
 551 0046 5269     		ldr	r2, [r2, #20]
 552 0048 42F48062 		orr	r2, r2, #1024
 553 004c 5A61     		str	r2, [r3, #20]
 446:../Generated_Code/GPIO3.c ****         GPIO3_INT1_MASK
 447:../Generated_Code/GPIO3.c ****       );
 448:../Generated_Code/GPIO3.c ****       break;
 554              		.loc 1 448 0
 555 004e 00E0     		b	.L33
 556              	.L37:
 449:../Generated_Code/GPIO3.c ****     }
 450:../Generated_Code/GPIO3.c ****     default:
 451:../Generated_Code/GPIO3.c ****       break;                           /* Invalid Field is not treated, result is undefined */
 557              		.loc 1 451 0
 558 0050 00BF     		nop
 559              	.L33:
 452:../Generated_Code/GPIO3.c ****   } /* switch (Field) */
 453:../Generated_Code/GPIO3.c **** }
 560              		.loc 1 453 0
 561 0052 07F11407 		add	r7, r7, #20
 562 0056 BD46     		mov	sp, r7
 563 0058 80BC     		pop	{r7}
 564 005a 7047     		bx	lr
 565              		.cfi_endproc
 566              	.LFE8:
 568              		.section	.text.GPIO3_ConnectPin,"ax",%progbits
 569              		.align	2
 570              		.global	GPIO3_ConnectPin
 571              		.thumb
 572              		.thumb_func
 574              	GPIO3_ConnectPin:
 575              	.LFB9:
 454:../Generated_Code/GPIO3.c **** 
 455:../Generated_Code/GPIO3.c **** /*
 456:../Generated_Code/GPIO3.c **** ** ===================================================================
 457:../Generated_Code/GPIO3.c **** **     Method      :  GPIO3_ConnectPin (component GPIO_LDD)
 458:../Generated_Code/GPIO3.c **** **
 459:../Generated_Code/GPIO3.c **** **     Description :
 460:../Generated_Code/GPIO3.c **** **         This method reconnects the requested pin associated with the
 461:../Generated_Code/GPIO3.c **** **         selected peripheral in this component. This method is only
 462:../Generated_Code/GPIO3.c **** **         available for CPU derivatives and peripherals that support
 463:../Generated_Code/GPIO3.c **** **         the runtime pin sharing with other internal on-chip
 464:../Generated_Code/GPIO3.c **** **         peripherals.
 465:../Generated_Code/GPIO3.c **** **     Parameters  :
 466:../Generated_Code/GPIO3.c **** **         NAME            - DESCRIPTION
 467:../Generated_Code/GPIO3.c **** **       * DeviceDataPtr   - Device data structure
 468:../Generated_Code/GPIO3.c **** **                           pointer returned by <Init> method.
 469:../Generated_Code/GPIO3.c **** **         PinMask         - Mask for the requested pins. The
 470:../Generated_Code/GPIO3.c **** **                           peripheral pins are reconnected according
 471:../Generated_Code/GPIO3.c **** **                           to this mask.
 472:../Generated_Code/GPIO3.c **** **     Returns     :
 473:../Generated_Code/GPIO3.c **** **         ---             - Error code, possible values:
 474:../Generated_Code/GPIO3.c **** **                           ERR_OK - OK
 475:../Generated_Code/GPIO3.c **** **                           ERR_PARAM_MASK - Invalid pin mask
 476:../Generated_Code/GPIO3.c **** ** ===================================================================
 477:../Generated_Code/GPIO3.c **** */
 478:../Generated_Code/GPIO3.c **** LDD_TError GPIO3_ConnectPin(LDD_TDeviceData *DeviceDataPtr, LDD_TPinMask PinMask)
 479:../Generated_Code/GPIO3.c **** {
 576              		.loc 1 479 0
 577              		.cfi_startproc
 578              		@ args = 0, pretend = 0, frame = 8
 579              		@ frame_needed = 1, uses_anonymous_args = 0
 580              		@ link register save eliminated.
 581 0000 80B4     		push	{r7}
 582              	.LCFI27:
 583              		.cfi_def_cfa_offset 4
 584              		.cfi_offset 7, -4
 585 0002 83B0     		sub	sp, sp, #12
 586              	.LCFI28:
 587              		.cfi_def_cfa_offset 16
 588 0004 00AF     		add	r7, sp, #0
 589              	.LCFI29:
 590              		.cfi_def_cfa_register 7
 591 0006 7860     		str	r0, [r7, #4]
 592 0008 3960     		str	r1, [r7, #0]
 480:../Generated_Code/GPIO3.c ****   (void)DeviceDataPtr;                 /* Parameter is not used, suppress unused argument warning *
 481:../Generated_Code/GPIO3.c ****   /* Pin mask test - this test can be disabled by setting the "Ignore range checking"
 482:../Generated_Code/GPIO3.c ****      property to the "yes" value in the "Configuration inspector" */
 483:../Generated_Code/GPIO3.c ****   if ((PinMask & ((LDD_TPinMask)~((LDD_TPinMask)GPIO3_ALLOCATED_PINS_MASK))) != 0U) {
 593              		.loc 1 483 0
 594 000a 3B68     		ldr	r3, [r7, #0]
 595 000c 23F48063 		bic	r3, r3, #1024
 596 0010 002B     		cmp	r3, #0
 597 0012 02D0     		beq	.L39
 484:../Generated_Code/GPIO3.c ****     return ERR_PARAM_MASK;
 598              		.loc 1 484 0
 599 0014 4FF08003 		mov	r3, #128
 600 0018 16E0     		b	.L40
 601              	.L39:
 485:../Generated_Code/GPIO3.c ****   }
 486:../Generated_Code/GPIO3.c ****   if ((PinMask & LDD_GPIO_PIN_10) != 0U) {
 602              		.loc 1 486 0
 603 001a 3B68     		ldr	r3, [r7, #0]
 604 001c 03F48063 		and	r3, r3, #1024
 605 0020 002B     		cmp	r3, #0
 606 0022 0FD0     		beq	.L41
 487:../Generated_Code/GPIO3.c ****     clrSetReg32Bits(PORTA_PCR10, 0x01000600U, 0x0100U); /* MUX=0x01U */
 607              		.loc 1 487 0
 608 0024 4FF41043 		mov	r3, #36864
 609 0028 C4F20403 		movt	r3, 16388
 610 002c 4FF41042 		mov	r2, #36864
 611 0030 C4F20402 		movt	r2, 16388
 612 0034 926A     		ldr	r2, [r2, #40]
 613 0036 22F08072 		bic	r2, r2, #16777216
 614 003a 22F4E062 		bic	r2, r2, #1792
 615 003e 42F48072 		orr	r2, r2, #256
 616 0042 9A62     		str	r2, [r3, #40]
 617              	.L41:
 488:../Generated_Code/GPIO3.c ****   }
 489:../Generated_Code/GPIO3.c ****   return ERR_OK;
 618              		.loc 1 489 0
 619 0044 4FF00003 		mov	r3, #0
 620              	.L40:
 490:../Generated_Code/GPIO3.c **** }
 621              		.loc 1 490 0
 622 0048 1846     		mov	r0, r3
 623 004a 07F10C07 		add	r7, r7, #12
 624 004e BD46     		mov	sp, r7
 625 0050 80BC     		pop	{r7}
 626 0052 7047     		bx	lr
 627              		.cfi_endproc
 628              	.LFE9:
 630              		.section	.text.GPIO3_Interrupt,"ax",%progbits
 631              		.align	2
 632              		.global	GPIO3_Interrupt
 633              		.thumb
 634              		.thumb_func
 636              	GPIO3_Interrupt:
 637              	.LFB10:
 491:../Generated_Code/GPIO3.c **** 
 492:../Generated_Code/GPIO3.c **** /*
 493:../Generated_Code/GPIO3.c **** ** ===================================================================
 494:../Generated_Code/GPIO3.c **** **     Method      :  GPIO3_Interrupt (component GPIO_LDD)
 495:../Generated_Code/GPIO3.c **** **
 496:../Generated_Code/GPIO3.c **** **     Description :
 497:../Generated_Code/GPIO3.c **** **         The method services the interrupt of the selected peripheral(s)
 498:../Generated_Code/GPIO3.c **** **         and eventually invokes event(s) of the component.
 499:../Generated_Code/GPIO3.c **** **         This method is internal. It is used by Processor Expert only.
 500:../Generated_Code/GPIO3.c **** ** ===================================================================
 501:../Generated_Code/GPIO3.c **** */
 502:../Generated_Code/GPIO3.c **** PE_ISR(GPIO3_Interrupt)
 503:../Generated_Code/GPIO3.c **** {
 638              		.loc 1 503 0
 639              		.cfi_startproc
 640              		@ Stack Align: May be called with mis-aligned SP.
 641              		@ args = 0, pretend = 0, frame = 8
 642              		@ frame_needed = 1, uses_anonymous_args = 0
 643 0000 6846     		mov	r0, sp
 644              		.cfi_register 13, 0
 645 0002 20F00701 		bic	r1, r0, #7
 646 0006 8D46     		mov	sp, r1
 647 0008 81B5     		push	{r0, r7, lr}
 648              	.LCFI30:
 649              		.cfi_def_cfa_offset 12
 650              		.cfi_offset 14, -4
 651              		.cfi_offset 7, -8
 652              		.cfi_offset 13, -12
 653 000a 83B0     		sub	sp, sp, #12
 654              	.LCFI31:
 655              		.cfi_def_cfa_offset 24
 656 000c 00AF     		add	r7, sp, #0
 657              	.LCFI32:
 658              		.cfi_def_cfa_register 7
 504:../Generated_Code/GPIO3.c ****   /* {Default RTOS Adapter} ISR parameter is passed through the global variable */
 505:../Generated_Code/GPIO3.c ****   GPIO3_TDeviceDataPtr DeviceDataPrv = INT_PORTA__DEFAULT_RTOS_ISRPARAM;
 659              		.loc 1 505 0
 660 000e 40F20003 		movw	r3, #:lower16:INT_PORTA__DEFAULT_RTOS_ISRPARAM
 661 0012 C0F20003 		movt	r3, #:upper16:INT_PORTA__DEFAULT_RTOS_ISRPARAM
 662 0016 1B68     		ldr	r3, [r3, #0]
 663 0018 7B60     		str	r3, [r7, #4]
 506:../Generated_Code/GPIO3.c ****   GPIO3_TPortValue State;
 507:../Generated_Code/GPIO3.c **** 
 508:../Generated_Code/GPIO3.c ****   State = (GPIO3_TPortValue)(PORT_PDD_GetInterruptFlags(GPIO3_PORTCONTROL_BASE_ADDRESS)
 664              		.loc 1 508 0
 665 001a 4FF41043 		mov	r3, #36864
 666 001e C4F20403 		movt	r3, 16388
 667 0022 D3F8A030 		ldr	r3, [r3, #160]
 668 0026 03F48063 		and	r3, r3, #1024
 669 002a 3B60     		str	r3, [r7, #0]
 509:../Generated_Code/GPIO3.c ****           & ((GPIO3_TPortValue)GPIO3_ALLOCATED_PINS_MASK)); /* Retrieve flags */
 510:../Generated_Code/GPIO3.c ****   DeviceDataPrv->EventFlags |= State;
 670              		.loc 1 510 0
 671 002c 7B68     		ldr	r3, [r7, #4]
 672 002e 1A68     		ldr	r2, [r3, #0]
 673 0030 3B68     		ldr	r3, [r7, #0]
 674 0032 1A43     		orrs	r2, r2, r3
 675 0034 7B68     		ldr	r3, [r7, #4]
 676 0036 1A60     		str	r2, [r3, #0]
 511:../Generated_Code/GPIO3.c ****   PORT_PDD_ClearInterruptFlags(GPIO3_PORTCONTROL_BASE_ADDRESS, State); /* Clears flags */
 677              		.loc 1 511 0
 678 0038 4FF41043 		mov	r3, #36864
 679 003c C4F20403 		movt	r3, 16388
 680 0040 3A68     		ldr	r2, [r7, #0]
 681 0042 C3F8A020 		str	r2, [r3, #160]
 512:../Generated_Code/GPIO3.c ****   GPIO3_OnPortEvent(DeviceDataPrv->UserData); /* Call OnPortEvent event */
 682              		.loc 1 512 0
 683 0046 7B68     		ldr	r3, [r7, #4]
 684 0048 5B68     		ldr	r3, [r3, #4]
 685 004a 1846     		mov	r0, r3
 686 004c FFF7FEFF 		bl	GPIO3_OnPortEvent
 513:../Generated_Code/GPIO3.c **** }
 687              		.loc 1 513 0
 688 0050 07F10C07 		add	r7, r7, #12
 689 0054 BD46     		mov	sp, r7
 690 0056 BDE88140 		pop	{r0, r7, lr}
 691 005a 8546     		mov	sp, r0
 692 005c 7047     		bx	lr
 693              		.cfi_endproc
 694              	.LFE10:
 696 005e 00BF     		.text
 697              	.Letext0:
 698              		.file 2 "C:/Freescale/CW MCU v10.3_NOBETA/MCU/ARM_GCC_Support/ewl/EWL_C/include/cstdint"
 699              		.file 3 "C:/workspaceBakalarkaa/Pex/Generated_Code/IO_Map.h"
 700              		.file 4 "C:/workspaceBakalarkaa/Pex/Generated_Code/PE_LDD.h"
 701              		.file 5 "C:/workspaceBakalarkaa/Pex/Generated_Code/GPIO3.h"
DEFINED SYMBOLS
                            *ABS*:00000000 GPIO3.c
C:\Users\x\AppData\Local\Temp\ccovyLm2.s:19     .bss.DeviceDataPrv__DEFAULT_RTOS_ALLOC:00000000 $d
C:\Users\x\AppData\Local\Temp\ccovyLm2.s:22     .bss.DeviceDataPrv__DEFAULT_RTOS_ALLOC:00000000 DeviceDataPrv__DEFAULT_RTOS_ALLOC
C:\Users\x\AppData\Local\Temp\ccovyLm2.s:25     .bss.INT_PORTA__DEFAULT_RTOS_ISRPARAM:00000000 $d
C:\Users\x\AppData\Local\Temp\ccovyLm2.s:28     .bss.INT_PORTA__DEFAULT_RTOS_ISRPARAM:00000000 INT_PORTA__DEFAULT_RTOS_ISRPARAM
C:\Users\x\AppData\Local\Temp\ccovyLm2.s:31     .text.GPIO3_Init:00000000 $t
C:\Users\x\AppData\Local\Temp\ccovyLm2.s:36     .text.GPIO3_Init:00000000 GPIO3_Init
C:\Users\x\AppData\Local\Temp\ccovyLm2.s:132    .text.GPIO3_Deinit:00000000 $t
C:\Users\x\AppData\Local\Temp\ccovyLm2.s:137    .text.GPIO3_Deinit:00000000 GPIO3_Deinit
C:\Users\x\AppData\Local\Temp\ccovyLm2.s:185    .text.GPIO3_SetFieldValue:00000000 $t
C:\Users\x\AppData\Local\Temp\ccovyLm2.s:190    .text.GPIO3_SetFieldValue:00000000 GPIO3_SetFieldValue
C:\Users\x\AppData\Local\Temp\ccovyLm2.s:242    .text.GPIO3_GetFieldValue:00000000 $t
C:\Users\x\AppData\Local\Temp\ccovyLm2.s:247    .text.GPIO3_GetFieldValue:00000000 GPIO3_GetFieldValue
C:\Users\x\AppData\Local\Temp\ccovyLm2.s:296    .text.GPIO3_ClearFieldBits:00000000 $t
C:\Users\x\AppData\Local\Temp\ccovyLm2.s:301    .text.GPIO3_ClearFieldBits:00000000 GPIO3_ClearFieldBits
C:\Users\x\AppData\Local\Temp\ccovyLm2.s:348    .text.GPIO3_SetFieldBits:00000000 $t
C:\Users\x\AppData\Local\Temp\ccovyLm2.s:353    .text.GPIO3_SetFieldBits:00000000 GPIO3_SetFieldBits
C:\Users\x\AppData\Local\Temp\ccovyLm2.s:400    .text.GPIO3_ToggleFieldBits:00000000 $t
C:\Users\x\AppData\Local\Temp\ccovyLm2.s:405    .text.GPIO3_ToggleFieldBits:00000000 GPIO3_ToggleFieldBits
C:\Users\x\AppData\Local\Temp\ccovyLm2.s:452    .text.GPIO3_SetFieldInputDirection:00000000 $t
C:\Users\x\AppData\Local\Temp\ccovyLm2.s:457    .text.GPIO3_SetFieldInputDirection:00000000 GPIO3_SetFieldInputDirection
C:\Users\x\AppData\Local\Temp\ccovyLm2.s:504    .text.GPIO3_SetFieldOutputDirection:00000000 $t
C:\Users\x\AppData\Local\Temp\ccovyLm2.s:509    .text.GPIO3_SetFieldOutputDirection:00000000 GPIO3_SetFieldOutputDirection
C:\Users\x\AppData\Local\Temp\ccovyLm2.s:569    .text.GPIO3_ConnectPin:00000000 $t
C:\Users\x\AppData\Local\Temp\ccovyLm2.s:574    .text.GPIO3_ConnectPin:00000000 GPIO3_ConnectPin
C:\Users\x\AppData\Local\Temp\ccovyLm2.s:631    .text.GPIO3_Interrupt:00000000 $t
C:\Users\x\AppData\Local\Temp\ccovyLm2.s:636    .text.GPIO3_Interrupt:00000000 GPIO3_Interrupt
                     .debug_frame:00000010 $d

UNDEFINED SYMBOLS
PE_LDD_DeviceDataList
GPIO3_OnPortEvent
