   1              		.syntax unified
   2              		.cpu cortex-m4
   3              		.fpu softvfp
   4              		.eabi_attribute 20, 1
   5              		.eabi_attribute 21, 1
   6              		.eabi_attribute 23, 3
   7              		.eabi_attribute 24, 1
   8              		.eabi_attribute 25, 1
   9              		.eabi_attribute 26, 1
  10              		.eabi_attribute 30, 6
  11              		.eabi_attribute 34, 1
  12              		.eabi_attribute 18, 4
  13              		.thumb
  14              		.file	"PE_LDD.c"
  15              		.text
  16              	.Ltext0:
  17              		.cfi_sections	.debug_frame
  18              		.global	PE_LDD_DeviceDataList
  19              		.section	.bss.PE_LDD_DeviceDataList,"aw",%nobits
  20              		.align	2
  23              	PE_LDD_DeviceDataList:
  24 0000 00000000 		.space	60
  24      00000000 
  24      00000000 
  24      00000000 
  24      00000000 
  25              		.global	PE_CpuClockConfigurations
  26              		.section	.rodata.PE_CpuClockConfigurations,"a",%progbits
  27              		.align	2
  30              	PE_CpuClockConfigurations:
  31 0000 00D8B805 		.word	96000000
  32 0004 006CDC02 		.word	48000000
  33 0008 006CDC02 		.word	48000000
  34 000c 00366E01 		.word	24000000
  35 0010 006CDC02 		.word	48000000
  36 0014 00D8B805 		.word	96000000
  37 0018 00800000 		.word	32768
  38 001c 00093D00 		.word	4000000
  39 0020 00000000 		.word	0
  40 0024 093D0000 		.word	15625
  41              		.section	.text.PE_FillMemory,"ax",%progbits
  42              		.align	2
  43              		.global	PE_FillMemory
  44              		.thumb
  45              		.thumb_func
  47              	PE_FillMemory:
  48              	.LFB0:
  49              		.file 1 "../Generated_Code/PE_LDD.c"
   1:../Generated_Code/PE_LDD.c **** /** ###################################################################
   2:../Generated_Code/PE_LDD.c **** **     THIS COMPONENT MODULE IS GENERATED BY THE TOOL. DO NOT MODIFY IT.
   3:../Generated_Code/PE_LDD.c **** **     Filename    : PE_LDD.c.c
   4:../Generated_Code/PE_LDD.c **** **     Project     : ProcessorExpert
   5:../Generated_Code/PE_LDD.c **** **     Processor   : MK40DX256ZVLQ10
   6:../Generated_Code/PE_LDD.c **** **     Version     : Component 01.000, Driver 01.04, CPU db: 3.00.001
   7:../Generated_Code/PE_LDD.c **** **     Compiler    : GNU C Compiler
   8:../Generated_Code/PE_LDD.c **** **     Date/Time   : 2013-04-11, 16:51, # CodeGen: 93
   9:../Generated_Code/PE_LDD.c **** **     Abstract    :
  10:../Generated_Code/PE_LDD.c **** **
  11:../Generated_Code/PE_LDD.c **** **     Settings    :
  12:../Generated_Code/PE_LDD.c **** **
  13:../Generated_Code/PE_LDD.c **** **
  14:../Generated_Code/PE_LDD.c **** **     Copyright : 1997 - 2012 Freescale, Inc. All Rights Reserved.
  15:../Generated_Code/PE_LDD.c **** **     
  16:../Generated_Code/PE_LDD.c **** **     http      : www.freescale.com
  17:../Generated_Code/PE_LDD.c **** **     mail      : support@freescale.com
  18:../Generated_Code/PE_LDD.c **** ** ###################################################################*/
  19:../Generated_Code/PE_LDD.c **** 
  20:../Generated_Code/PE_LDD.c **** /* MODULE PE_LDD */
  21:../Generated_Code/PE_LDD.c **** 
  22:../Generated_Code/PE_LDD.c **** /* {Default RTOS Adapter} No RTOS includes */
  23:../Generated_Code/PE_LDD.c **** /* {Default RTOS Adapter} No RTOS driver includes */
  24:../Generated_Code/PE_LDD.c **** 
  25:../Generated_Code/PE_LDD.c **** #include "PE_LDD.h"
  26:../Generated_Code/PE_LDD.c **** #include "Cpu.h"
  27:../Generated_Code/PE_LDD.c **** 
  28:../Generated_Code/PE_LDD.c **** /*lint -esym(765,PE_PeripheralUsed,LDD_SetClockConfiguration,PE_CpuClockConfigurations,PE_FillMemor
  29:../Generated_Code/PE_LDD.c **** 
  30:../Generated_Code/PE_LDD.c **** /*
  31:../Generated_Code/PE_LDD.c **** ** ===========================================================================
  32:../Generated_Code/PE_LDD.c **** ** Array of initialized device structures of LDD components.
  33:../Generated_Code/PE_LDD.c **** ** ===========================================================================
  34:../Generated_Code/PE_LDD.c **** */
  35:../Generated_Code/PE_LDD.c **** LDD_TDeviceData *PE_LDD_DeviceDataList[15] = {
  36:../Generated_Code/PE_LDD.c ****     NULL,
  37:../Generated_Code/PE_LDD.c ****     NULL,
  38:../Generated_Code/PE_LDD.c ****     NULL,
  39:../Generated_Code/PE_LDD.c ****     NULL,
  40:../Generated_Code/PE_LDD.c ****     NULL,
  41:../Generated_Code/PE_LDD.c ****     NULL,
  42:../Generated_Code/PE_LDD.c ****     NULL,
  43:../Generated_Code/PE_LDD.c ****     NULL,
  44:../Generated_Code/PE_LDD.c ****     NULL,
  45:../Generated_Code/PE_LDD.c ****     NULL,
  46:../Generated_Code/PE_LDD.c ****     NULL,
  47:../Generated_Code/PE_LDD.c ****     NULL,
  48:../Generated_Code/PE_LDD.c ****     NULL,
  49:../Generated_Code/PE_LDD.c ****     NULL,
  50:../Generated_Code/PE_LDD.c ****     NULL
  51:../Generated_Code/PE_LDD.c ****   };
  52:../Generated_Code/PE_LDD.c **** 
  53:../Generated_Code/PE_LDD.c **** /*
  54:../Generated_Code/PE_LDD.c **** ** ===========================================================================
  55:../Generated_Code/PE_LDD.c **** ** The array of clock frequencies in configured clock configurations.
  56:../Generated_Code/PE_LDD.c **** ** ===========================================================================
  57:../Generated_Code/PE_LDD.c **** */
  58:../Generated_Code/PE_LDD.c **** const TCpuClockConfiguration PE_CpuClockConfigurations[CPU_CLOCK_CONFIG_NUMBER] = {
  59:../Generated_Code/PE_LDD.c ****   /* Clock configuration 0 */
  60:../Generated_Code/PE_LDD.c ****   {
  61:../Generated_Code/PE_LDD.c ****     CPU_CORE_CLK_HZ_CONFIG_0,          /* Core clock frequency in clock configuration 0 */
  62:../Generated_Code/PE_LDD.c ****     CPU_BUS_CLK_HZ_CONFIG_0,           /* Bus clock frequency in clock configuration 0 */
  63:../Generated_Code/PE_LDD.c ****     CPU_FLEXBUS_CLK_HZ_CONFIG_0,       /* Flexbus clock frequency in clock configuration 0 */
  64:../Generated_Code/PE_LDD.c ****     CPU_FLASH_CLK_HZ_CONFIG_0,         /* FLASH clock frequency in clock configuration 0 */
  65:../Generated_Code/PE_LDD.c ****     CPU_USB_CLK_HZ_CONFIG_0,           /* USB clock frequency in clock configuration 0 */
  66:../Generated_Code/PE_LDD.c ****     CPU_PLL_FLL_CLK_HZ_CONFIG_0,       /* PLL/FLL clock frequency in clock configuration 0 */
  67:../Generated_Code/PE_LDD.c ****     CPU_MCGIR_CLK_HZ_CONFIG_0,         /* MCG internal reference clock frequency in clock configura
  68:../Generated_Code/PE_LDD.c ****     CPU_OSCER_CLK_HZ_CONFIG_0,         /* System OSC external reference clock frequency in clock co
  69:../Generated_Code/PE_LDD.c ****     CPU_ERCLK32K_CLK_HZ_CONFIG_0,      /* External reference clock 32k frequency in clock configura
  70:../Generated_Code/PE_LDD.c ****     CPU_MCGFF_CLK_HZ_CONFIG_0          /* MCG fixed frequency clock */
  71:../Generated_Code/PE_LDD.c ****   }
  72:../Generated_Code/PE_LDD.c **** };
  73:../Generated_Code/PE_LDD.c **** 
  74:../Generated_Code/PE_LDD.c **** /*
  75:../Generated_Code/PE_LDD.c **** ** ===================================================================
  76:../Generated_Code/PE_LDD.c **** **     Method      :  PE_FillMemory (component MK40N512LQ100)
  77:../Generated_Code/PE_LDD.c **** **
  78:../Generated_Code/PE_LDD.c **** **     Description :
  79:../Generated_Code/PE_LDD.c **** **         Fill the memory area by specified value.
  80:../Generated_Code/PE_LDD.c **** ** ===================================================================
  81:../Generated_Code/PE_LDD.c **** */
  82:../Generated_Code/PE_LDD.c **** void PE_FillMemory(register void* SourceAddressPtr, register uint8_t c, register uint32_t len)
  83:../Generated_Code/PE_LDD.c **** {
  50              		.loc 1 83 0
  51              		.cfi_startproc
  52              		@ args = 0, pretend = 0, frame = 0
  53              		@ frame_needed = 1, uses_anonymous_args = 0
  54              		@ link register save eliminated.
  55 0000 90B4     		push	{r4, r7}
  56              	.LCFI0:
  57              		.cfi_def_cfa_offset 8
  58              		.cfi_offset 7, -4
  59              		.cfi_offset 4, -8
  60 0002 00AF     		add	r7, sp, #0
  61              	.LCFI1:
  62              		.cfi_def_cfa_register 7
  63 0004 1346     		mov	r3, r2
  84:../Generated_Code/PE_LDD.c ****   register uint8_t *ptr = (uint8_t*)SourceAddressPtr;
  64              		.loc 1 84 0
  65 0006 0446     		mov	r4, r0
  85:../Generated_Code/PE_LDD.c **** 
  86:../Generated_Code/PE_LDD.c ****   if (len > 0U) {
  66              		.loc 1 86 0
  67 0008 002B     		cmp	r3, #0
  68 000a 0DD0     		beq	.L1
  87:../Generated_Code/PE_LDD.c ****     while (len--) {
  69              		.loc 1 87 0
  70 000c 03E0     		b	.L3
  71              	.L4:
  88:../Generated_Code/PE_LDD.c ****       *ptr++ = c;
  72              		.loc 1 88 0
  73 000e 0A46     		mov	r2, r1
  74 0010 2270     		strb	r2, [r4, #0]
  75 0012 04F10104 		add	r4, r4, #1
  76              	.L3:
  87:../Generated_Code/PE_LDD.c ****     while (len--) {
  77              		.loc 1 87 0 discriminator 1
  78 0016 002B     		cmp	r3, #0
  79 0018 0CBF     		ite	eq
  80 001a 0022     		moveq	r2, #0
  81 001c 0122     		movne	r2, #1
  82 001e D2B2     		uxtb	r2, r2
  83 0020 03F1FF33 		add	r3, r3, #-1
  84 0024 002A     		cmp	r2, #0
  85 0026 F2D1     		bne	.L4
  86              	.L1:
  89:../Generated_Code/PE_LDD.c ****     }
  90:../Generated_Code/PE_LDD.c ****   }
  91:../Generated_Code/PE_LDD.c **** }
  87              		.loc 1 91 0
  88 0028 BD46     		mov	sp, r7
  89 002a 90BC     		pop	{r4, r7}
  90 002c 7047     		bx	lr
  91              		.cfi_endproc
  92              	.LFE0:
  94 002e 00BF     		.section	.text.PE_PeripheralUsed,"ax",%progbits
  95              		.align	2
  96              		.global	PE_PeripheralUsed
  97              		.thumb
  98              		.thumb_func
 100              	PE_PeripheralUsed:
 101              	.LFB1:
  92:../Generated_Code/PE_LDD.c **** 
  93:../Generated_Code/PE_LDD.c **** /*
  94:../Generated_Code/PE_LDD.c **** ** ===================================================================
  95:../Generated_Code/PE_LDD.c **** **     Method      :  PE_PeripheralUsed (component MK40N512LQ100)
  96:../Generated_Code/PE_LDD.c **** **
  97:../Generated_Code/PE_LDD.c **** **     Description :
  98:../Generated_Code/PE_LDD.c **** **         Returns the information whether a peripheral is allocated by 
  99:../Generated_Code/PE_LDD.c **** **         PE or not.
 100:../Generated_Code/PE_LDD.c **** ** ===================================================================
 101:../Generated_Code/PE_LDD.c **** */
 102:../Generated_Code/PE_LDD.c **** bool PE_PeripheralUsed(uint32_t PrphBaseAddress)
 103:../Generated_Code/PE_LDD.c **** {
 102              		.loc 1 103 0
 103              		.cfi_startproc
 104              		@ args = 0, pretend = 0, frame = 16
 105              		@ frame_needed = 1, uses_anonymous_args = 0
 106              		@ link register save eliminated.
 107 0000 80B4     		push	{r7}
 108              	.LCFI2:
 109              		.cfi_def_cfa_offset 4
 110              		.cfi_offset 7, -4
 111 0002 85B0     		sub	sp, sp, #20
 112              	.LCFI3:
 113              		.cfi_def_cfa_offset 24
 114 0004 00AF     		add	r7, sp, #0
 115              	.LCFI4:
 116              		.cfi_def_cfa_register 7
 117 0006 7860     		str	r0, [r7, #4]
 104:../Generated_Code/PE_LDD.c ****   bool result = FALSE;
 118              		.loc 1 104 0
 119 0008 4FF00003 		mov	r3, #0
 120 000c FB73     		strb	r3, [r7, #15]
 105:../Generated_Code/PE_LDD.c **** 
 106:../Generated_Code/PE_LDD.c ****   switch (PrphBaseAddress) {
 121              		.loc 1 106 0
 122 000e 7B68     		ldr	r3, [r7, #4]
 123 0010 4FF45042 		mov	r2, #53248
 124 0014 C4F20602 		movt	r2, 16390
 125 0018 9342     		cmp	r3, r2
 126 001a 5CD0     		beq	.L7
 127 001c 4FF45042 		mov	r2, #53248
 128 0020 C4F20602 		movt	r2, 16390
 129 0024 9342     		cmp	r3, r2
 130 0026 2BD8     		bhi	.L8
 131 0028 4FF41042 		mov	r2, #36864
 132 002c C4F20302 		movt	r2, 16387
 133 0030 9342     		cmp	r3, r2
 134 0032 50D0     		beq	.L7
 135 0034 4FF41042 		mov	r2, #36864
 136 0038 C4F20302 		movt	r2, 16387
 137 003c 9342     		cmp	r3, r2
 138 003e 0CD8     		bhi	.L9
 139 0040 4FF4E042 		mov	r2, #28672
 140 0044 C4F20302 		movt	r2, 16387
 141 0048 9342     		cmp	r3, r2
 142 004a 44D0     		beq	.L7
 143 004c 4FF40042 		mov	r2, #32768
 144 0050 C4F20302 		movt	r2, 16387
 145 0054 9342     		cmp	r3, r2
 146 0056 3ED0     		beq	.L7
 147 0058 41E0     		b	.L6
 148              	.L9:
 149 005a 4FF4E042 		mov	r2, #28672
 150 005e C4F20602 		movt	r2, 16390
 151 0062 9342     		cmp	r3, r2
 152 0064 37D0     		beq	.L7
 153 0066 4FF42042 		mov	r2, #40960
 154 006a C4F20602 		movt	r2, 16390
 155 006e 9342     		cmp	r3, r2
 156 0070 31D0     		beq	.L7
 157 0072 4FF43042 		mov	r2, #45056
 158 0076 C4F20302 		movt	r2, 16387
 159 007a 9342     		cmp	r3, r2
 160 007c 2BD0     		beq	.L7
 161 007e 2EE0     		b	.L6
 162              	.L8:
 163 0080 4FF47042 		mov	r2, #61440
 164 0084 C4F20F02 		movt	r2, 16399
 165 0088 9342     		cmp	r3, r2
 166 008a 24D0     		beq	.L7
 167 008c 4FF47042 		mov	r2, #61440
 168 0090 C4F20F02 		movt	r2, 16399
 169 0094 9342     		cmp	r3, r2
 170 0096 0CD8     		bhi	.L10
 171 0098 4FF40042 		mov	r2, #32768
 172 009c C4F20B02 		movt	r2, 16395
 173 00a0 9342     		cmp	r3, r2
 174 00a2 18D0     		beq	.L7
 175 00a4 4FF43042 		mov	r2, #45056
 176 00a8 C4F20B02 		movt	r2, 16395
 177 00ac 9342     		cmp	r3, r2
 178 00ae 12D0     		beq	.L7
 179 00b0 15E0     		b	.L6
 180              	.L10:
 181 00b2 4FF28002 		movw	r2, #61568
 182 00b6 C4F20F02 		movt	r2, 16399
 183 00ba 9342     		cmp	r3, r2
 184 00bc 0BD0     		beq	.L7
 185 00be 4FF2C002 		movw	r2, #61632
 186 00c2 C4F20F02 		movt	r2, 16399
 187 00c6 9342     		cmp	r3, r2
 188 00c8 05D0     		beq	.L7
 189 00ca 4FF24002 		movw	r2, #61504
 190 00ce C4F20F02 		movt	r2, 16399
 191 00d2 9342     		cmp	r3, r2
 192 00d4 03D1     		bne	.L6
 193              	.L7:
 107:../Generated_Code/PE_LDD.c ****     /* Base address allocated by peripheral(s) FTM0 */
 108:../Generated_Code/PE_LDD.c ****     case 0x40038000UL:
 109:../Generated_Code/PE_LDD.c ****     /* Base address allocated by peripheral(s) PTC */
 110:../Generated_Code/PE_LDD.c ****     case 0x400FF080UL:
 111:../Generated_Code/PE_LDD.c ****     /* Base address allocated by peripheral(s) PIT */
 112:../Generated_Code/PE_LDD.c ****     case 0x40037000UL:
 113:../Generated_Code/PE_LDD.c ****     /* Base address allocated by peripheral(s) PTD */
 114:../Generated_Code/PE_LDD.c ****     case 0x400FF0C0UL:
 115:../Generated_Code/PE_LDD.c ****     /* Base address allocated by peripheral(s) UART0 */
 116:../Generated_Code/PE_LDD.c ****     case 0x4006A000UL:
 117:../Generated_Code/PE_LDD.c ****     /* Base address allocated by peripheral(s) FTM1 */
 118:../Generated_Code/PE_LDD.c ****     case 0x40039000UL:
 119:../Generated_Code/PE_LDD.c ****     /* Base address allocated by peripheral(s) ADC0 */
 120:../Generated_Code/PE_LDD.c ****     case 0x4003B000UL:
 121:../Generated_Code/PE_LDD.c ****     /* Base address allocated by peripheral(s) ADC1 */
 122:../Generated_Code/PE_LDD.c ****     case 0x400BB000UL:
 123:../Generated_Code/PE_LDD.c ****     /* Base address allocated by peripheral(s) UART3 */
 124:../Generated_Code/PE_LDD.c ****     case 0x4006D000UL:
 125:../Generated_Code/PE_LDD.c ****     /* Base address allocated by peripheral(s) I2C1 */
 126:../Generated_Code/PE_LDD.c ****     case 0x40067000UL:
 127:../Generated_Code/PE_LDD.c ****     /* Base address allocated by peripheral(s) PTA */
 128:../Generated_Code/PE_LDD.c ****     case 0x400FF000UL:
 129:../Generated_Code/PE_LDD.c ****     /* Base address allocated by peripheral(s) PTB */
 130:../Generated_Code/PE_LDD.c ****     case 0x400FF040UL:
 131:../Generated_Code/PE_LDD.c ****     /* Base address allocated by peripheral(s) FTM2 */
 132:../Generated_Code/PE_LDD.c ****     case 0x400B8000UL:
 133:../Generated_Code/PE_LDD.c ****       result = TRUE;
 194              		.loc 1 133 0
 195 00d6 4FF00103 		mov	r3, #1
 196 00da FB73     		strb	r3, [r7, #15]
 134:../Generated_Code/PE_LDD.c ****       break;
 197              		.loc 1 134 0
 198 00dc 00E0     		b	.L11
 199              	.L6:
 135:../Generated_Code/PE_LDD.c ****     default:
 136:../Generated_Code/PE_LDD.c ****       break;
 200              		.loc 1 136 0
 201 00de 00BF     		nop
 202              	.L11:
 137:../Generated_Code/PE_LDD.c ****   }
 138:../Generated_Code/PE_LDD.c ****   return result;
 203              		.loc 1 138 0
 204 00e0 FB7B     		ldrb	r3, [r7, #15]	@ zero_extendqisi2
 139:../Generated_Code/PE_LDD.c **** }
 205              		.loc 1 139 0
 206 00e2 1846     		mov	r0, r3
 207 00e4 07F11407 		add	r7, r7, #20
 208 00e8 BD46     		mov	sp, r7
 209 00ea 80BC     		pop	{r7}
 210 00ec 7047     		bx	lr
 211              		.cfi_endproc
 212              	.LFE1:
 214 00ee 00BF     		.section	.text.LDD_SetClockConfiguration,"ax",%progbits
 215              		.align	2
 216              		.global	LDD_SetClockConfiguration
 217              		.thumb
 218              		.thumb_func
 220              	LDD_SetClockConfiguration:
 221              	.LFB2:
 140:../Generated_Code/PE_LDD.c **** 
 141:../Generated_Code/PE_LDD.c **** /*
 142:../Generated_Code/PE_LDD.c **** ** ===================================================================
 143:../Generated_Code/PE_LDD.c **** **     Method      :  LDD_SetClockConfiguration (component MK40N512LQ100)
 144:../Generated_Code/PE_LDD.c **** **
 145:../Generated_Code/PE_LDD.c **** **     Description :
 146:../Generated_Code/PE_LDD.c **** **         This method changes the clock configuration of all LDD 
 147:../Generated_Code/PE_LDD.c **** **         components in the project.
 148:../Generated_Code/PE_LDD.c **** ** ===================================================================
 149:../Generated_Code/PE_LDD.c **** */
 150:../Generated_Code/PE_LDD.c **** void LDD_SetClockConfiguration(LDD_TClockConfiguration ClockConfiguration)
 151:../Generated_Code/PE_LDD.c **** {
 222              		.loc 1 151 0
 223              		.cfi_startproc
 224              		@ args = 0, pretend = 0, frame = 8
 225              		@ frame_needed = 1, uses_anonymous_args = 0
 226              		@ link register save eliminated.
 227 0000 80B4     		push	{r7}
 228              	.LCFI5:
 229              		.cfi_def_cfa_offset 4
 230              		.cfi_offset 7, -4
 231 0002 83B0     		sub	sp, sp, #12
 232              	.LCFI6:
 233              		.cfi_def_cfa_offset 16
 234 0004 00AF     		add	r7, sp, #0
 235              	.LCFI7:
 236              		.cfi_def_cfa_register 7
 237 0006 0346     		mov	r3, r0
 238 0008 FB71     		strb	r3, [r7, #7]
 152:../Generated_Code/PE_LDD.c ****   (void)ClockConfiguration;            /* Parameter is not used, suppress unused argument warning *
 153:../Generated_Code/PE_LDD.c ****   /* Just one clock configuration defined in CPU component. */
 154:../Generated_Code/PE_LDD.c **** }
 239              		.loc 1 154 0
 240 000a 07F10C07 		add	r7, r7, #12
 241 000e BD46     		mov	sp, r7
 242 0010 80BC     		pop	{r7}
 243 0012 7047     		bx	lr
 244              		.cfi_endproc
 245              	.LFE2:
 247              		.text
 248              	.Letext0:
 249              		.file 2 "C:/Freescale/CW MCU v10.3_121211/MCU/ARM_GCC_Support/ewl/EWL_C/include/cstdint"
 250              		.file 3 "../Generated_Code/PE_Types.h"
 251              		.file 4 "../Generated_Code/PE_LDD.h"
 252              		.file 5 "../Generated_Code/Cpu.h"
DEFINED SYMBOLS
                            *ABS*:00000000 PE_LDD.c
C:\Users\z\AppData\Local\Temp\ccon0eu1.s:23     .bss.PE_LDD_DeviceDataList:00000000 PE_LDD_DeviceDataList
C:\Users\z\AppData\Local\Temp\ccon0eu1.s:20     .bss.PE_LDD_DeviceDataList:00000000 $d
C:\Users\z\AppData\Local\Temp\ccon0eu1.s:30     .rodata.PE_CpuClockConfigurations:00000000 PE_CpuClockConfigurations
C:\Users\z\AppData\Local\Temp\ccon0eu1.s:27     .rodata.PE_CpuClockConfigurations:00000000 $d
C:\Users\z\AppData\Local\Temp\ccon0eu1.s:42     .text.PE_FillMemory:00000000 $t
C:\Users\z\AppData\Local\Temp\ccon0eu1.s:47     .text.PE_FillMemory:00000000 PE_FillMemory
C:\Users\z\AppData\Local\Temp\ccon0eu1.s:95     .text.PE_PeripheralUsed:00000000 $t
C:\Users\z\AppData\Local\Temp\ccon0eu1.s:100    .text.PE_PeripheralUsed:00000000 PE_PeripheralUsed
C:\Users\z\AppData\Local\Temp\ccon0eu1.s:215    .text.LDD_SetClockConfiguration:00000000 $t
C:\Users\z\AppData\Local\Temp\ccon0eu1.s:220    .text.LDD_SetClockConfiguration:00000000 LDD_SetClockConfiguration
                     .debug_frame:00000010 $d

NO UNDEFINED SYMBOLS
