   1              		.syntax unified
   2              		.cpu cortex-m4
   3              		.fpu softvfp
   4              		.eabi_attribute 20, 1
   5              		.eabi_attribute 21, 1
   6              		.eabi_attribute 23, 3
   7              		.eabi_attribute 24, 1
   8              		.eabi_attribute 25, 1
   9              		.eabi_attribute 26, 1
  10              		.eabi_attribute 30, 6
  11              		.eabi_attribute 34, 1
  12              		.eabi_attribute 18, 4
  13              		.thumb
  14              		.file	"Vectors.c"
  15              		.text
  16              	.Ltext0:
  17              		.cfi_sections	.debug_frame
  18              		.global	__vect_table
  19              		.section	.vectortable,"a",%progbits
  20              		.align	2
  23              	__vect_table:
  24 0000 00000000 		.word	__SP_INIT
  25 0004 00000000 		.word	__thumb_startup
  26 0008 00000000 		.word	Cpu_INT_NMIInterrupt
  27 000c 00000000 		.word	Cpu_Interrupt
  28 0010 00000000 		.word	Cpu_Interrupt
  29 0014 00000000 		.word	Cpu_Interrupt
  30 0018 00000000 		.word	Cpu_Interrupt
  31 001c 00000000 		.word	Cpu_Interrupt
  32 0020 00000000 		.word	Cpu_Interrupt
  33 0024 00000000 		.word	Cpu_Interrupt
  34 0028 00000000 		.word	Cpu_Interrupt
  35 002c 00000000 		.word	Cpu_Interrupt
  36 0030 00000000 		.word	Cpu_Interrupt
  37 0034 00000000 		.word	Cpu_Interrupt
  38 0038 00000000 		.word	Cpu_Interrupt
  39 003c 00000000 		.word	Cpu_Interrupt
  40 0040 00000000 		.word	Cpu_Interrupt
  41 0044 00000000 		.word	Cpu_Interrupt
  42 0048 00000000 		.word	Cpu_Interrupt
  43 004c 00000000 		.word	Cpu_Interrupt
  44 0050 00000000 		.word	Cpu_Interrupt
  45 0054 00000000 		.word	Cpu_Interrupt
  46 0058 00000000 		.word	Cpu_Interrupt
  47 005c 00000000 		.word	Cpu_Interrupt
  48 0060 00000000 		.word	Cpu_Interrupt
  49 0064 00000000 		.word	Cpu_Interrupt
  50 0068 00000000 		.word	Cpu_Interrupt
  51 006c 00000000 		.word	Cpu_Interrupt
  52 0070 00000000 		.word	Cpu_Interrupt
  53 0074 00000000 		.word	Cpu_Interrupt
  54 0078 00000000 		.word	Cpu_Interrupt
  55 007c 00000000 		.word	Cpu_Interrupt
  56 0080 00000000 		.word	Cpu_Interrupt
  57 0084 00000000 		.word	Cpu_Interrupt
  58 0088 00000000 		.word	Cpu_Interrupt
  59 008c 00000000 		.word	Cpu_Interrupt
  60 0090 00000000 		.word	Cpu_Interrupt
  61 0094 00000000 		.word	Cpu_Interrupt
  62 0098 00000000 		.word	Cpu_Interrupt
  63 009c 00000000 		.word	Cpu_Interrupt
  64 00a0 00000000 		.word	Cpu_Interrupt
  65 00a4 00000000 		.word	I2C2_Interrupt
  66 00a8 00000000 		.word	Cpu_Interrupt
  67 00ac 00000000 		.word	Cpu_Interrupt
  68 00b0 00000000 		.word	Cpu_Interrupt
  69 00b4 00000000 		.word	Cpu_Interrupt
  70 00b8 00000000 		.word	Cpu_Interrupt
  71 00bc 00000000 		.word	Cpu_Interrupt
  72 00c0 00000000 		.word	Cpu_Interrupt
  73 00c4 00000000 		.word	Cpu_Interrupt
  74 00c8 00000000 		.word	Cpu_Interrupt
  75 00cc 00000000 		.word	Cpu_Interrupt
  76 00d0 00000000 		.word	Cpu_Interrupt
  77 00d4 00000000 		.word	Cpu_Interrupt
  78 00d8 00000000 		.word	Cpu_Interrupt
  79 00dc 00000000 		.word	Cpu_Interrupt
  80 00e0 00000000 		.word	Cpu_Interrupt
  81 00e4 00000000 		.word	Cpu_Interrupt
  82 00e8 00000000 		.word	Cpu_Interrupt
  83 00ec 00000000 		.word	Cpu_Interrupt
  84 00f0 00000000 		.word	Cpu_Interrupt
  85 00f4 00000000 		.word	Cpu_Interrupt
  86 00f8 00000000 		.word	Cpu_Interrupt
  87 00fc 00000000 		.word	Cpu_Interrupt
  88 0100 00000000 		.word	Cpu_Interrupt
  89 0104 00000000 		.word	Cpu_Interrupt
  90 0108 00000000 		.word	Cpu_Interrupt
  91 010c 00000000 		.word	AS1_Interrupt
  92 0110 00000000 		.word	AS1_Interrupt
  93 0114 00000000 		.word	Cpu_Interrupt
  94 0118 00000000 		.word	Cpu_Interrupt
  95 011c 00000000 		.word	Cpu_Interrupt
  96 0120 00000000 		.word	Cpu_Interrupt
  97 0124 00000000 		.word	AD1_MeasurementCompleteInterrupt
  98 0128 00000000 		.word	Cpu_Interrupt
  99 012c 00000000 		.word	Cpu_Interrupt
 100 0130 00000000 		.word	Cpu_Interrupt
 101 0134 00000000 		.word	Cpu_Interrupt
 102 0138 00000000 		.word	PWMMotor_Interrupt
 103 013c 00000000 		.word	CameraTimer_Interrupt
 104 0140 00000000 		.word	Cpu_Interrupt
 105 0144 00000000 		.word	Cpu_Interrupt
 106 0148 00000000 		.word	Cpu_Interrupt
 107 014c 00000000 		.word	Cpu_Interrupt
 108 0150 00000000 		.word	OdometryTimer_Interrupt
 109 0154 00000000 		.word	Period_Interrupt
 110 0158 00000000 		.word	Cpu_Interrupt
 111 015c 00000000 		.word	Cpu_Interrupt
 112 0160 00000000 		.word	Cpu_Interrupt
 113 0164 00000000 		.word	Cpu_Interrupt
 114 0168 00000000 		.word	Cpu_Interrupt
 115 016c 00000000 		.word	Cpu_Interrupt
 116 0170 00000000 		.word	Cpu_Interrupt
 117 0174 00000000 		.word	Cpu_Interrupt
 118 0178 00000000 		.word	Cpu_Interrupt
 119 017c 00000000 		.word	Cpu_Interrupt
 120 0180 00000000 		.word	Cpu_Interrupt
 121 0184 00000000 		.word	Cpu_Interrupt
 122 0188 00000000 		.word	Cpu_Interrupt
 123 018c 00000000 		.word	Cpu_Interrupt
 124 0190 00000000 		.word	Cpu_Interrupt
 125 0194 00000000 		.word	Cpu_Interrupt
 126 0198 00000000 		.word	Cpu_Interrupt
 127 019c 00000000 		.word	GPIO3_Interrupt
 128 01a0 00000000 		.word	Cpu_Interrupt
 129 01a4 00000000 		.word	Cpu_Interrupt
 130 01a8 00000000 		.word	OdometryGPIO_Interrupt
 131 01ac 00000000 		.word	Cpu_Interrupt
 132 01b0 00000000 		.word	Cpu_Interrupt
 133 01b4 00000000 		.word	Cpu_Interrupt
 134 01b8 00000000 		.word	Cpu_Interrupt
 135 01bc 00000000 		.word	Cpu_Interrupt
 136 01c0 00000000 		.word	Cpu_Interrupt
 137 01c4 00000000 		.word	Cpu_Interrupt
 138 01c8 00000000 		.word	Cpu_Interrupt
 139 01cc 00000000 		.word	Cpu_Interrupt
 140 01d0 00000000 		.word	Cpu_Interrupt
 141 01d4 00000000 		.word	Cpu_Interrupt
 142 01d8 00000000 		.word	Cpu_Interrupt
 143 01dc 00000000 		.word	Cpu_Interrupt
 144              		.text
 145              	.Letext0:
 146              		.file 1 "C:/Freescale/CW MCU v10.3_121211/MCU/ARM_GCC_Support/ewl/EWL_C/include/cstdint"
 147              		.file 2 "../Generated_Code/Cpu.h"
 148              		.file 3 "../Generated_Code/Vectors.c"
DEFINED SYMBOLS
                            *ABS*:00000000 Vectors.c
C:\Users\z\AppData\Local\Temp\cchuT4Pq.s:23     .vectortable:00000000 __vect_table
C:\Users\z\AppData\Local\Temp\cchuT4Pq.s:20     .vectortable:00000000 $d

UNDEFINED SYMBOLS
__SP_INIT
__thumb_startup
Cpu_INT_NMIInterrupt
Cpu_Interrupt
I2C2_Interrupt
AS1_Interrupt
AD1_MeasurementCompleteInterrupt
PWMMotor_Interrupt
CameraTimer_Interrupt
OdometryTimer_Interrupt
Period_Interrupt
GPIO3_Interrupt
OdometryGPIO_Interrupt
